#
# There is insufficient memory for the Java Runtime Environment to continue.
# Native memory allocation (malloc) failed to allocate 1444976 bytes for Chunk::new
# Possible reasons:
#   The system is out of physical RAM or swap space
#   The process is running with CompressedOops enabled, and the Java Heap may be blocking the growth of the native heap
# Possible solutions:
#   Reduce memory load on the system
#   Increase physical memory or swap space
#   Check if swap backing store is full
#   Decrease Java heap size (-Xmx/-Xms)
#   Decrease number of Java threads
#   Decrease Java thread stack sizes (-Xss)
#   Set larger code cache with -XX:ReservedCodeCacheSize=
#   JVM is running with Unscaled Compressed Oops mode in which the Java heap is
#     placed in the first 4GB address space. The Java Heap base address is the
#     maximum limit for the native heap growth. Please use -XX:HeapBaseMinAddress
#     to set the Java Heap base and to place the Java Heap above 4GB virtual address.
# This output file may be truncated or incomplete.
#
#  Out of Memory Error (arena.cpp:191), pid=21136, tid=14828
#
# JRE version: OpenJDK Runtime Environment Zulu17.48+15-CA (17.0.10+7) (build 17.0.10+7-LTS)
# Java VM: OpenJDK 64-Bit Server VM Zulu17.48+15-CA (17.0.10+7-LTS, mixed mode, sharing, tiered, compressed oops, compressed class ptrs, g1 gc, windows-amd64)
# No core dump will be written. Minidumps are not enabled by default on client versions of Windows
#

---------------  S U M M A R Y ------------

Command Line: -Djava.awt.headless=true -Djava.library.path=C:\Program Files\Zulu\zulu-17\bin;C:\Windows\Sun\Java\bin;C:\Windows\system32;C:\Windows;C:\Program Files (x86)\VMware\VMware Workstation\bin\;C:\Python312\Scripts\;C:\Python312\;C:\Program Files\Zulu\zulu-17\bin;C:\Program Files (x86)\Common Files\Intel\Shared Libraries\redist\intel64\compiler;C:\Program Files\Common Files\Oracle\Java\javapath;C:\Program Files (x86)\Common Files\Oracle\Java\javapath;C:\Windows\system32;C:\Windows;C:\Windows\System32\Wbem;C:\Windows\System32\WindowsPowerShell\v1.0\;C:\Windows\System32\OpenSSH\;C:\Program Files (x86)\NVIDIA Corporation\PhysX\Common;C:\Program Files\Java\jdk-19\bin;C:\Program Files\Cloudflare\Cloudflare WARP\;C:\mingw\bin;C:\xampp\php;C:\gradle\gradle-8.5\bin;C:\chromeDriver\chromedriver-win64;C:\Program Files\nodejs\;C:\ProgramData\chocolatey\bin;C:\Program Files\Git\cmd;C:\Program Files\NVIDIA Corporation\NVIDIA App\NvDLISR;C:\Users\ASUS\AppData\Local\Programs\Python\Python311\Scripts\;C:\Users\ASUS\AppData\Local\Programs\Python\Python311\;C:\Users\ASUS\AppData\Local\Microsoft\WindowsApps;;C:\Users\ASUS\AppData\Local\Programs\Microsoft VS Code\bin;C:\Program Files\JetBrains\IntelliJ IDEA Community Edition 2023.2.5\bin;;C:\Users\ASUS\AppData\Roaming\npm;C:\Program Files (x86)\Nmap;.;C:\Users\ASUS\AndroidStudioProjects\Reglab7firebase\app\src\testDebug\jniLibs;C:\Users\ASUS\AndroidStudioProjects\Reglab7firebase\app\src\test\jniLibs -Dorg.gradle.internal.worker.tmpdir=C:\Users\ASUS\AndroidStudioProjects\Reglab7firebase\app\build\tmp\testDebugUnitTest\work --add-opens=java.base/java.io=ALL-UNNAMED -Xmx512m -Dfile.encoding=UTF-8 -Duser.country=ID -Duser.language=en -Duser.variant -ea worker.org.gradle.process.internal.worker.GradleWorkerMain 'Gradle Test Executor 15'

Host: AMD Ryzen 5 4600H with Radeon Graphics         , 12 cores, 15G,  Windows 10 , 64 bit Build 19041 (10.0.19041.5915)
Time: Mon Jul  7 23:34:46 2025 SE Asia Standard Time elapsed time: 0.968589 seconds (0d 0h 0m 0s)

---------------  T H R E A D  ---------------

Current thread (0x000001acb1ed5d20):  JavaThread "C2 CompilerThread0" daemon [_thread_in_native, id=14828, stack(0x00000035e9100000,0x00000035e9200000)]


Current CompileTask:
C2:    968 1332 %     4       jdk.internal.loader.URLClassPath::getResource @ 39 (74 bytes)

Stack: [0x00000035e9100000,0x00000035e9200000]
Native frames: (J=compiled Java code, j=interpreted, Vv=VM code, C=native code)
V  [jvm.dll+0x681929]
V  [jvm.dll+0x83934a]
V  [jvm.dll+0x83ae0e]
V  [jvm.dll+0x83b473]
V  [jvm.dll+0x24b5ef]
V  [jvm.dll+0xac514]
V  [jvm.dll+0xacb5c]
V  [jvm.dll+0x36ad32]
V  [jvm.dll+0x33497a]
V  [jvm.dll+0x333e1a]
V  [jvm.dll+0x21a3f1]
V  [jvm.dll+0x219811]
V  [jvm.dll+0x1a520d]
V  [jvm.dll+0x2295f9]
V  [jvm.dll+0x2277bc]
V  [jvm.dll+0x7ee427]
V  [jvm.dll+0x7e880a]
V  [jvm.dll+0x680815]
C  [ucrtbase.dll+0x21bb2]
C  [KERNEL32.DLL+0x17374]
C  [ntdll.dll+0x4cc91]


---------------  P R O C E S S  ---------------

Threads class SMR info:
_java_thread_list=0x000001acf8567bf0, length=17, elements={
0x000001ac94debfe0, 0x000001acb1ebc250, 0x000001acb1ebcff0, 0x000001acb1ece610,
0x000001acb1ed0100, 0x000001acb1ed2c00, 0x000001acb1ed44f0, 0x000001acb1ed5d20,
0x000001acb1ed6b00, 0x000001acb1ed9830, 0x000001acf723e320, 0x000001acf7274ed0,
0x000001acf73fe7e0, 0x000001acf7571b60, 0x000001acf856f9c0, 0x000001acf84872e0,
0x000001acf8607600
}

Java Threads: ( => current thread )
  0x000001ac94debfe0 JavaThread "Test worker" [_thread_in_native, id=15316, stack(0x00000035e8400000,0x00000035e8500000)]
  0x000001acb1ebc250 JavaThread "Reference Handler" daemon [_thread_blocked, id=6912, stack(0x00000035e8b00000,0x00000035e8c00000)]
  0x000001acb1ebcff0 JavaThread "Finalizer" daemon [_thread_blocked, id=26500, stack(0x00000035e8c00000,0x00000035e8d00000)]
  0x000001acb1ece610 JavaThread "Signal Dispatcher" daemon [_thread_blocked, id=20844, stack(0x00000035e8d00000,0x00000035e8e00000)]
  0x000001acb1ed0100 JavaThread "Attach Listener" daemon [_thread_blocked, id=27696, stack(0x00000035e8e00000,0x00000035e8f00000)]
  0x000001acb1ed2c00 JavaThread "Service Thread" daemon [_thread_blocked, id=20092, stack(0x00000035e8f00000,0x00000035e9000000)]
  0x000001acb1ed44f0 JavaThread "Monitor Deflation Thread" daemon [_thread_blocked, id=20772, stack(0x00000035e9000000,0x00000035e9100000)]
=>0x000001acb1ed5d20 JavaThread "C2 CompilerThread0" daemon [_thread_in_native, id=14828, stack(0x00000035e9100000,0x00000035e9200000)]
  0x000001acb1ed6b00 JavaThread "C1 CompilerThread0" daemon [_thread_blocked, id=30484, stack(0x00000035e9200000,0x00000035e9300000)]
  0x000001acb1ed9830 JavaThread "Sweeper thread" daemon [_thread_blocked, id=30508, stack(0x00000035e9300000,0x00000035e9400000)]
  0x000001acf723e320 JavaThread "Common-Cleaner" daemon [_thread_blocked, id=14928, stack(0x00000035e9400000,0x00000035e9500000)]
  0x000001acf7274ed0 JavaThread "Notification Thread" daemon [_thread_blocked, id=248, stack(0x00000035e9500000,0x00000035e9600000)]
  0x000001acf73fe7e0 JavaThread "C2 CompilerThread1" daemon [_thread_blocked, id=23612, stack(0x00000035e9700000,0x00000035e9800000)]
  0x000001acf7571b60 JavaThread "C2 CompilerThread2" daemon [_thread_blocked, id=13816, stack(0x00000035e9800000,0x00000035e9900000)]
  0x000001acf856f9c0 JavaThread "/127.0.0.1:59264 to /127.0.0.1:59262 workers" [_thread_blocked, id=10224, stack(0x00000035ea200000,0x00000035ea300000)]
  0x000001acf84872e0 JavaThread "/127.0.0.1:59264 to /127.0.0.1:59262 workers Thread 2" [_thread_blocked, id=29256, stack(0x00000035ea300000,0x00000035ea400000)]
  0x000001acf8607600 JavaThread "/127.0.0.1:59264 to /127.0.0.1:59262 workers Thread 3" [_thread_in_native, id=24892, stack(0x00000035ea400000,0x00000035ea500000)]

Other Threads:
  0x000001acb1eb7720 VMThread "VM Thread" [stack: 0x00000035e8a00000,0x00000035e8b00000] [id=21844]
  0x000001acf723f370 WatcherThread [stack: 0x00000035e9600000,0x00000035e9700000] [id=16844]
  0x000001ac94efae10 GCTaskThread "GC Thread#0" [stack: 0x00000035e8500000,0x00000035e8600000] [id=25340]
  0x000001acf77fd480 GCTaskThread "GC Thread#1" [stack: 0x00000035e9a00000,0x00000035e9b00000] [id=6404]
  0x000001acf77fd750 GCTaskThread "GC Thread#2" [stack: 0x00000035e9b00000,0x00000035e9c00000] [id=18840]
  0x000001acf8200230 GCTaskThread "GC Thread#3" [stack: 0x00000035e9c00000,0x00000035e9d00000] [id=11104]
  0x000001acf8488bf0 GCTaskThread "GC Thread#4" [stack: 0x00000035e9d00000,0x00000035e9e00000] [id=16784]
  0x000001acf8488650 GCTaskThread "GC Thread#5" [stack: 0x00000035e9e00000,0x00000035e9f00000] [id=30924]
  0x000001acf84880b0 GCTaskThread "GC Thread#6" [stack: 0x00000035e9f00000,0x00000035ea000000] [id=1412]
  0x000001acf8488920 GCTaskThread "GC Thread#7" [stack: 0x00000035ea500000,0x00000035ea600000] [id=1576]
  0x000001acf8487b10 GCTaskThread "GC Thread#8" [stack: 0x00000035ea600000,0x00000035ea700000] [id=17040]
  0x000001acf8489190 GCTaskThread "GC Thread#9" [stack: 0x00000035ea700000,0x00000035ea800000] [id=14388]
  0x000001ac94effc80 ConcurrentGCThread "G1 Main Marker" [stack: 0x00000035e8600000,0x00000035e8700000] [id=22172]
  0x000001ac94f01d60 ConcurrentGCThread "G1 Conc#0" [stack: 0x00000035e8700000,0x00000035e8800000] [id=19828]
  0x000001ac94f5e5c0 ConcurrentGCThread "G1 Refine#0" [stack: 0x00000035e8800000,0x00000035e8900000] [id=31724]
  0x000001acf77fa960 ConcurrentGCThread "G1 Refine#1" [stack: 0x00000035ea000000,0x00000035ea100000] [id=6260]
  0x000001acf800a320 ConcurrentGCThread "G1 Refine#2" [stack: 0x00000035ea100000,0x00000035ea200000] [id=21196]
  0x000001acb1d781a0 ConcurrentGCThread "G1 Service" [stack: 0x00000035e8900000,0x00000035e8a00000] [id=13308]

Threads with active compile tasks:
C2 CompilerThread0      987 1332 %     4       jdk.internal.loader.URLClassPath::getResource @ 39 (74 bytes)

VM state: not at safepoint (normal execution)

VM Mutex/Monitor currently owned by a thread: None

Heap address: 0x00000000e0000000, size: 512 MB, Compressed Oops mode: 32-bit

CDS archive(s) mapped at: [0x000001acb2000000-0x000001acb2bd0000-0x000001acb2bd0000), size 12386304, SharedBaseAddress: 0x000001acb2000000, ArchiveRelocationMode: 1.
Compressed class space mapped at: 0x000001acb3000000-0x000001acf3000000, reserved size: 1073741824
Narrow klass base: 0x000001acb2000000, Narrow klass shift: 0, Narrow klass range: 0x100000000

GC Precious Log:
 CPUs: 12 total, 12 available
 Memory: 15791M
 Large Page Support: Disabled
 NUMA Support: Disabled
 Compressed Oops: Enabled (32-bit)
 Heap Region Size: 1M
 Heap Min Capacity: 8M
 Heap Initial Capacity: 248M
 Heap Max Capacity: 512M
 Pre-touch: Disabled
 Parallel Workers: 10
 Concurrent Workers: 3
 Concurrent Refinement Workers: 10
 Periodic GC: Disabled

Heap:
 garbage-first heap   total 253952K, used 22283K [0x00000000e0000000, 0x0000000100000000)
  region size 1024K, 6 young (6144K), 2 survivors (2048K)
 Metaspace       used 9099K, committed 9344K, reserved 1114112K
  class space    used 1051K, committed 1216K, reserved 1048576K

Heap Regions: E=young(eden), S=young(survivor), O=old, HS=humongous(starts), HC=humongous(continues), CS=collection set, F=free, OA=open archive, CA=closed archive, TAMS=top-at-mark-start (previous, next)
|   0|0x00000000e0000000, 0x00000000e0100000, 0x00000000e0100000|100%|HS|  |TAMS 0x00000000e0000000, 0x00000000e0000000| Complete 
|   1|0x00000000e0100000, 0x00000000e0200000, 0x00000000e0200000|100%|HC|  |TAMS 0x00000000e0100000, 0x00000000e0100000| Complete 
|   2|0x00000000e0200000, 0x00000000e0300000, 0x00000000e0300000|100%|HS|  |TAMS 0x00000000e0200000, 0x00000000e0200000| Complete 
|   3|0x00000000e0300000, 0x00000000e0400000, 0x00000000e0400000|100%|HC|  |TAMS 0x00000000e0300000, 0x00000000e0300000| Complete 
|   4|0x00000000e0400000, 0x00000000e0500000, 0x00000000e0500000|100%| O|  |TAMS 0x00000000e0400000, 0x00000000e0400000| Untracked 
|   5|0x00000000e0500000, 0x00000000e0600000, 0x00000000e0600000|100%| O|  |TAMS 0x00000000e0500000, 0x00000000e0500000| Untracked 
|   6|0x00000000e0600000, 0x00000000e0700000, 0x00000000e0700000|100%| O|  |TAMS 0x00000000e0600000, 0x00000000e0600000| Untracked 
|   7|0x00000000e0700000, 0x00000000e0800000, 0x00000000e0800000|100%| O|  |TAMS 0x00000000e0700000, 0x00000000e0700000| Untracked 
|   8|0x00000000e0800000, 0x00000000e0900000, 0x00000000e0900000|100%| O|  |TAMS 0x00000000e0800000, 0x00000000e0800000| Untracked 
|   9|0x00000000e0900000, 0x00000000e0a00000, 0x00000000e0a00000|100%| O|  |TAMS 0x00000000e0900000, 0x00000000e0900000| Untracked 
|  10|0x00000000e0a00000, 0x00000000e0b00000, 0x00000000e0b00000|100%| O|  |TAMS 0x00000000e0a00000, 0x00000000e0a00000| Untracked 
|  11|0x00000000e0b00000, 0x00000000e0c00000, 0x00000000e0c00000|100%| O|  |TAMS 0x00000000e0b00000, 0x00000000e0b00000| Untracked 
|  12|0x00000000e0c00000, 0x00000000e0d00000, 0x00000000e0d00000|100%| O|  |TAMS 0x00000000e0c00000, 0x00000000e0c00000| Untracked 
|  13|0x00000000e0d00000, 0x00000000e0e00000, 0x00000000e0e00000|100%| O|  |TAMS 0x00000000e0d00000, 0x00000000e0d00000| Untracked 
|  14|0x00000000e0e00000, 0x00000000e0f00000, 0x00000000e0f00000|100%| O|  |TAMS 0x00000000e0e00000, 0x00000000e0e00000| Untracked 
|  15|0x00000000e0f00000, 0x00000000e1000000, 0x00000000e1000000|100%| O|  |TAMS 0x00000000e0f00000, 0x00000000e0f00000| Untracked 
|  16|0x00000000e1000000, 0x00000000e1100000, 0x00000000e1100000|100%| O|  |TAMS 0x00000000e1000000, 0x00000000e1000000| Untracked 
|  17|0x00000000e1100000, 0x00000000e115c600, 0x00000000e1200000| 36%| O|  |TAMS 0x00000000e1100000, 0x00000000e1100000| Untracked 
|  18|0x00000000e1200000, 0x00000000e1300000, 0x00000000e1300000|100%|HS|  |TAMS 0x00000000e1200000, 0x00000000e1200000| Complete 
|  19|0x00000000e1300000, 0x00000000e1300000, 0x00000000e1400000|  0%| F|  |TAMS 0x00000000e1300000, 0x00000000e1300000| Untracked 
|  20|0x00000000e1400000, 0x00000000e1400000, 0x00000000e1500000|  0%| F|  |TAMS 0x00000000e1400000, 0x00000000e1400000| Untracked 
|  21|0x00000000e1500000, 0x00000000e1500000, 0x00000000e1600000|  0%| F|  |TAMS 0x00000000e1500000, 0x00000000e1500000| Untracked 
|  22|0x00000000e1600000, 0x00000000e1600000, 0x00000000e1700000|  0%| F|  |TAMS 0x00000000e1600000, 0x00000000e1600000| Untracked 
|  23|0x00000000e1700000, 0x00000000e1700000, 0x00000000e1800000|  0%| F|  |TAMS 0x00000000e1700000, 0x00000000e1700000| Untracked 
|  24|0x00000000e1800000, 0x00000000e1800000, 0x00000000e1900000|  0%| F|  |TAMS 0x00000000e1800000, 0x00000000e1800000| Untracked 
|  25|0x00000000e1900000, 0x00000000e1900000, 0x00000000e1a00000|  0%| F|  |TAMS 0x00000000e1900000, 0x00000000e1900000| Untracked 
|  26|0x00000000e1a00000, 0x00000000e1a00000, 0x00000000e1b00000|  0%| F|  |TAMS 0x00000000e1a00000, 0x00000000e1a00000| Untracked 
|  27|0x00000000e1b00000, 0x00000000e1b00000, 0x00000000e1c00000|  0%| F|  |TAMS 0x00000000e1b00000, 0x00000000e1b00000| Untracked 
|  28|0x00000000e1c00000, 0x00000000e1c00000, 0x00000000e1d00000|  0%| F|  |TAMS 0x00000000e1c00000, 0x00000000e1c00000| Untracked 
|  29|0x00000000e1d00000, 0x00000000e1d00000, 0x00000000e1e00000|  0%| F|  |TAMS 0x00000000e1d00000, 0x00000000e1d00000| Untracked 
|  30|0x00000000e1e00000, 0x00000000e1e00000, 0x00000000e1f00000|  0%| F|  |TAMS 0x00000000e1e00000, 0x00000000e1e00000| Untracked 
|  31|0x00000000e1f00000, 0x00000000e1f00000, 0x00000000e2000000|  0%| F|  |TAMS 0x00000000e1f00000, 0x00000000e1f00000| Untracked 
|  32|0x00000000e2000000, 0x00000000e2000000, 0x00000000e2100000|  0%| F|  |TAMS 0x00000000e2000000, 0x00000000e2000000| Untracked 
|  33|0x00000000e2100000, 0x00000000e2100000, 0x00000000e2200000|  0%| F|  |TAMS 0x00000000e2100000, 0x00000000e2100000| Untracked 
|  34|0x00000000e2200000, 0x00000000e2200000, 0x00000000e2300000|  0%| F|  |TAMS 0x00000000e2200000, 0x00000000e2200000| Untracked 
|  35|0x00000000e2300000, 0x00000000e2300000, 0x00000000e2400000|  0%| F|  |TAMS 0x00000000e2300000, 0x00000000e2300000| Untracked 
|  36|0x00000000e2400000, 0x00000000e2400000, 0x00000000e2500000|  0%| F|  |TAMS 0x00000000e2400000, 0x00000000e2400000| Untracked 
|  37|0x00000000e2500000, 0x00000000e2500000, 0x00000000e2600000|  0%| F|  |TAMS 0x00000000e2500000, 0x00000000e2500000| Untracked 
|  38|0x00000000e2600000, 0x00000000e2600000, 0x00000000e2700000|  0%| F|  |TAMS 0x00000000e2600000, 0x00000000e2600000| Untracked 
|  39|0x00000000e2700000, 0x00000000e2700000, 0x00000000e2800000|  0%| F|  |TAMS 0x00000000e2700000, 0x00000000e2700000| Untracked 
|  40|0x00000000e2800000, 0x00000000e2800000, 0x00000000e2900000|  0%| F|  |TAMS 0x00000000e2800000, 0x00000000e2800000| Untracked 
|  41|0x00000000e2900000, 0x00000000e2900000, 0x00000000e2a00000|  0%| F|  |TAMS 0x00000000e2900000, 0x00000000e2900000| Untracked 
|  42|0x00000000e2a00000, 0x00000000e2a00000, 0x00000000e2b00000|  0%| F|  |TAMS 0x00000000e2a00000, 0x00000000e2a00000| Untracked 
|  43|0x00000000e2b00000, 0x00000000e2b00000, 0x00000000e2c00000|  0%| F|  |TAMS 0x00000000e2b00000, 0x00000000e2b00000| Untracked 
|  44|0x00000000e2c00000, 0x00000000e2c00000, 0x00000000e2d00000|  0%| F|  |TAMS 0x00000000e2c00000, 0x00000000e2c00000| Untracked 
|  45|0x00000000e2d00000, 0x00000000e2d00000, 0x00000000e2e00000|  0%| F|  |TAMS 0x00000000e2d00000, 0x00000000e2d00000| Untracked 
|  46|0x00000000e2e00000, 0x00000000e2e00000, 0x00000000e2f00000|  0%| F|  |TAMS 0x00000000e2e00000, 0x00000000e2e00000| Untracked 
|  47|0x00000000e2f00000, 0x00000000e2f00000, 0x00000000e3000000|  0%| F|  |TAMS 0x00000000e2f00000, 0x00000000e2f00000| Untracked 
|  48|0x00000000e3000000, 0x00000000e3000000, 0x00000000e3100000|  0%| F|  |TAMS 0x00000000e3000000, 0x00000000e3000000| Untracked 
|  49|0x00000000e3100000, 0x00000000e3100000, 0x00000000e3200000|  0%| F|  |TAMS 0x00000000e3100000, 0x00000000e3100000| Untracked 
|  50|0x00000000e3200000, 0x00000000e3200000, 0x00000000e3300000|  0%| F|  |TAMS 0x00000000e3200000, 0x00000000e3200000| Untracked 
|  51|0x00000000e3300000, 0x00000000e3300000, 0x00000000e3400000|  0%| F|  |TAMS 0x00000000e3300000, 0x00000000e3300000| Untracked 
|  52|0x00000000e3400000, 0x00000000e3400000, 0x00000000e3500000|  0%| F|  |TAMS 0x00000000e3400000, 0x00000000e3400000| Untracked 
|  53|0x00000000e3500000, 0x00000000e3500000, 0x00000000e3600000|  0%| F|  |TAMS 0x00000000e3500000, 0x00000000e3500000| Untracked 
|  54|0x00000000e3600000, 0x00000000e3600000, 0x00000000e3700000|  0%| F|  |TAMS 0x00000000e3600000, 0x00000000e3600000| Untracked 
|  55|0x00000000e3700000, 0x00000000e3700000, 0x00000000e3800000|  0%| F|  |TAMS 0x00000000e3700000, 0x00000000e3700000| Untracked 
|  56|0x00000000e3800000, 0x00000000e3800000, 0x00000000e3900000|  0%| F|  |TAMS 0x00000000e3800000, 0x00000000e3800000| Untracked 
|  57|0x00000000e3900000, 0x00000000e3900000, 0x00000000e3a00000|  0%| F|  |TAMS 0x00000000e3900000, 0x00000000e3900000| Untracked 
|  58|0x00000000e3a00000, 0x00000000e3a00000, 0x00000000e3b00000|  0%| F|  |TAMS 0x00000000e3a00000, 0x00000000e3a00000| Untracked 
|  59|0x00000000e3b00000, 0x00000000e3b00000, 0x00000000e3c00000|  0%| F|  |TAMS 0x00000000e3b00000, 0x00000000e3b00000| Untracked 
|  60|0x00000000e3c00000, 0x00000000e3c00000, 0x00000000e3d00000|  0%| F|  |TAMS 0x00000000e3c00000, 0x00000000e3c00000| Untracked 
|  61|0x00000000e3d00000, 0x00000000e3d00000, 0x00000000e3e00000|  0%| F|  |TAMS 0x00000000e3d00000, 0x00000000e3d00000| Untracked 
|  62|0x00000000e3e00000, 0x00000000e3e00000, 0x00000000e3f00000|  0%| F|  |TAMS 0x00000000e3e00000, 0x00000000e3e00000| Untracked 
|  63|0x00000000e3f00000, 0x00000000e3f00000, 0x00000000e4000000|  0%| F|  |TAMS 0x00000000e3f00000, 0x00000000e3f00000| Untracked 
|  64|0x00000000e4000000, 0x00000000e4000000, 0x00000000e4100000|  0%| F|  |TAMS 0x00000000e4000000, 0x00000000e4000000| Untracked 
|  65|0x00000000e4100000, 0x00000000e4100000, 0x00000000e4200000|  0%| F|  |TAMS 0x00000000e4100000, 0x00000000e4100000| Untracked 
|  66|0x00000000e4200000, 0x00000000e4200000, 0x00000000e4300000|  0%| F|  |TAMS 0x00000000e4200000, 0x00000000e4200000| Untracked 
|  67|0x00000000e4300000, 0x00000000e4300000, 0x00000000e4400000|  0%| F|  |TAMS 0x00000000e4300000, 0x00000000e4300000| Untracked 
|  68|0x00000000e4400000, 0x00000000e4400000, 0x00000000e4500000|  0%| F|  |TAMS 0x00000000e4400000, 0x00000000e4400000| Untracked 
|  69|0x00000000e4500000, 0x00000000e4500000, 0x00000000e4600000|  0%| F|  |TAMS 0x00000000e4500000, 0x00000000e4500000| Untracked 
|  70|0x00000000e4600000, 0x00000000e4600000, 0x00000000e4700000|  0%| F|  |TAMS 0x00000000e4600000, 0x00000000e4600000| Untracked 
|  71|0x00000000e4700000, 0x00000000e4700000, 0x00000000e4800000|  0%| F|  |TAMS 0x00000000e4700000, 0x00000000e4700000| Untracked 
|  72|0x00000000e4800000, 0x00000000e4800000, 0x00000000e4900000|  0%| F|  |TAMS 0x00000000e4800000, 0x00000000e4800000| Untracked 
|  73|0x00000000e4900000, 0x00000000e4900000, 0x00000000e4a00000|  0%| F|  |TAMS 0x00000000e4900000, 0x00000000e4900000| Untracked 
|  74|0x00000000e4a00000, 0x00000000e4a00000, 0x00000000e4b00000|  0%| F|  |TAMS 0x00000000e4a00000, 0x00000000e4a00000| Untracked 
|  75|0x00000000e4b00000, 0x00000000e4b00000, 0x00000000e4c00000|  0%| F|  |TAMS 0x00000000e4b00000, 0x00000000e4b00000| Untracked 
|  76|0x00000000e4c00000, 0x00000000e4c00000, 0x00000000e4d00000|  0%| F|  |TAMS 0x00000000e4c00000, 0x00000000e4c00000| Untracked 
|  77|0x00000000e4d00000, 0x00000000e4d00000, 0x00000000e4e00000|  0%| F|  |TAMS 0x00000000e4d00000, 0x00000000e4d00000| Untracked 
|  78|0x00000000e4e00000, 0x00000000e4e00000, 0x00000000e4f00000|  0%| F|  |TAMS 0x00000000e4e00000, 0x00000000e4e00000| Untracked 
|  79|0x00000000e4f00000, 0x00000000e4f00000, 0x00000000e5000000|  0%| F|  |TAMS 0x00000000e4f00000, 0x00000000e4f00000| Untracked 
|  80|0x00000000e5000000, 0x00000000e5000000, 0x00000000e5100000|  0%| F|  |TAMS 0x00000000e5000000, 0x00000000e5000000| Untracked 
|  81|0x00000000e5100000, 0x00000000e5100000, 0x00000000e5200000|  0%| F|  |TAMS 0x00000000e5100000, 0x00000000e5100000| Untracked 
|  82|0x00000000e5200000, 0x00000000e5200000, 0x00000000e5300000|  0%| F|  |TAMS 0x00000000e5200000, 0x00000000e5200000| Untracked 
|  83|0x00000000e5300000, 0x00000000e5300000, 0x00000000e5400000|  0%| F|  |TAMS 0x00000000e5300000, 0x00000000e5300000| Untracked 
|  84|0x00000000e5400000, 0x00000000e5400000, 0x00000000e5500000|  0%| F|  |TAMS 0x00000000e5400000, 0x00000000e5400000| Untracked 
|  85|0x00000000e5500000, 0x00000000e5500000, 0x00000000e5600000|  0%| F|  |TAMS 0x00000000e5500000, 0x00000000e5500000| Untracked 
|  86|0x00000000e5600000, 0x00000000e5600000, 0x00000000e5700000|  0%| F|  |TAMS 0x00000000e5600000, 0x00000000e5600000| Untracked 
|  87|0x00000000e5700000, 0x00000000e5700000, 0x00000000e5800000|  0%| F|  |TAMS 0x00000000e5700000, 0x00000000e5700000| Untracked 
|  88|0x00000000e5800000, 0x00000000e5800000, 0x00000000e5900000|  0%| F|  |TAMS 0x00000000e5800000, 0x00000000e5800000| Untracked 
|  89|0x00000000e5900000, 0x00000000e5900000, 0x00000000e5a00000|  0%| F|  |TAMS 0x00000000e5900000, 0x00000000e5900000| Untracked 
|  90|0x00000000e5a00000, 0x00000000e5a00000, 0x00000000e5b00000|  0%| F|  |TAMS 0x00000000e5a00000, 0x00000000e5a00000| Untracked 
|  91|0x00000000e5b00000, 0x00000000e5b00000, 0x00000000e5c00000|  0%| F|  |TAMS 0x00000000e5b00000, 0x00000000e5b00000| Untracked 
|  92|0x00000000e5c00000, 0x00000000e5c00000, 0x00000000e5d00000|  0%| F|  |TAMS 0x00000000e5c00000, 0x00000000e5c00000| Untracked 
|  93|0x00000000e5d00000, 0x00000000e5d00000, 0x00000000e5e00000|  0%| F|  |TAMS 0x00000000e5d00000, 0x00000000e5d00000| Untracked 
|  94|0x00000000e5e00000, 0x00000000e5e00000, 0x00000000e5f00000|  0%| F|  |TAMS 0x00000000e5e00000, 0x00000000e5e00000| Untracked 
|  95|0x00000000e5f00000, 0x00000000e5f00000, 0x00000000e6000000|  0%| F|  |TAMS 0x00000000e5f00000, 0x00000000e5f00000| Untracked 
|  96|0x00000000e6000000, 0x00000000e6000000, 0x00000000e6100000|  0%| F|  |TAMS 0x00000000e6000000, 0x00000000e6000000| Untracked 
|  97|0x00000000e6100000, 0x00000000e6100000, 0x00000000e6200000|  0%| F|  |TAMS 0x00000000e6100000, 0x00000000e6100000| Untracked 
|  98|0x00000000e6200000, 0x00000000e6200000, 0x00000000e6300000|  0%| F|  |TAMS 0x00000000e6200000, 0x00000000e6200000| Untracked 
|  99|0x00000000e6300000, 0x00000000e6300000, 0x00000000e6400000|  0%| F|  |TAMS 0x00000000e6300000, 0x00000000e6300000| Untracked 
| 100|0x00000000e6400000, 0x00000000e6400000, 0x00000000e6500000|  0%| F|  |TAMS 0x00000000e6400000, 0x00000000e6400000| Untracked 
| 101|0x00000000e6500000, 0x00000000e6500000, 0x00000000e6600000|  0%| F|  |TAMS 0x00000000e6500000, 0x00000000e6500000| Untracked 
| 102|0x00000000e6600000, 0x00000000e6600000, 0x00000000e6700000|  0%| F|  |TAMS 0x00000000e6600000, 0x00000000e6600000| Untracked 
| 103|0x00000000e6700000, 0x00000000e6700000, 0x00000000e6800000|  0%| F|  |TAMS 0x00000000e6700000, 0x00000000e6700000| Untracked 
| 104|0x00000000e6800000, 0x00000000e6800000, 0x00000000e6900000|  0%| F|  |TAMS 0x00000000e6800000, 0x00000000e6800000| Untracked 
| 105|0x00000000e6900000, 0x00000000e6900000, 0x00000000e6a00000|  0%| F|  |TAMS 0x00000000e6900000, 0x00000000e6900000| Untracked 
| 106|0x00000000e6a00000, 0x00000000e6a00000, 0x00000000e6b00000|  0%| F|  |TAMS 0x00000000e6a00000, 0x00000000e6a00000| Untracked 
| 107|0x00000000e6b00000, 0x00000000e6b00000, 0x00000000e6c00000|  0%| F|  |TAMS 0x00000000e6b00000, 0x00000000e6b00000| Untracked 
| 108|0x00000000e6c00000, 0x00000000e6c00000, 0x00000000e6d00000|  0%| F|  |TAMS 0x00000000e6c00000, 0x00000000e6c00000| Untracked 
| 109|0x00000000e6d00000, 0x00000000e6d00000, 0x00000000e6e00000|  0%| F|  |TAMS 0x00000000e6d00000, 0x00000000e6d00000| Untracked 
| 110|0x00000000e6e00000, 0x00000000e6e00000, 0x00000000e6f00000|  0%| F|  |TAMS 0x00000000e6e00000, 0x00000000e6e00000| Untracked 
| 111|0x00000000e6f00000, 0x00000000e6f00000, 0x00000000e7000000|  0%| F|  |TAMS 0x00000000e6f00000, 0x00000000e6f00000| Untracked 
| 112|0x00000000e7000000, 0x00000000e7000000, 0x00000000e7100000|  0%| F|  |TAMS 0x00000000e7000000, 0x00000000e7000000| Untracked 
| 113|0x00000000e7100000, 0x00000000e7100000, 0x00000000e7200000|  0%| F|  |TAMS 0x00000000e7100000, 0x00000000e7100000| Untracked 
| 114|0x00000000e7200000, 0x00000000e7200000, 0x00000000e7300000|  0%| F|  |TAMS 0x00000000e7200000, 0x00000000e7200000| Untracked 
| 115|0x00000000e7300000, 0x00000000e7300000, 0x00000000e7400000|  0%| F|  |TAMS 0x00000000e7300000, 0x00000000e7300000| Untracked 
| 116|0x00000000e7400000, 0x00000000e7400000, 0x00000000e7500000|  0%| F|  |TAMS 0x00000000e7400000, 0x00000000e7400000| Untracked 
| 117|0x00000000e7500000, 0x00000000e7500000, 0x00000000e7600000|  0%| F|  |TAMS 0x00000000e7500000, 0x00000000e7500000| Untracked 
| 118|0x00000000e7600000, 0x00000000e7600000, 0x00000000e7700000|  0%| F|  |TAMS 0x00000000e7600000, 0x00000000e7600000| Untracked 
| 119|0x00000000e7700000, 0x00000000e7700000, 0x00000000e7800000|  0%| F|  |TAMS 0x00000000e7700000, 0x00000000e7700000| Untracked 
| 120|0x00000000e7800000, 0x00000000e7800000, 0x00000000e7900000|  0%| F|  |TAMS 0x00000000e7800000, 0x00000000e7800000| Untracked 
| 121|0x00000000e7900000, 0x00000000e7900000, 0x00000000e7a00000|  0%| F|  |TAMS 0x00000000e7900000, 0x00000000e7900000| Untracked 
| 122|0x00000000e7a00000, 0x00000000e7a00000, 0x00000000e7b00000|  0%| F|  |TAMS 0x00000000e7a00000, 0x00000000e7a00000| Untracked 
| 123|0x00000000e7b00000, 0x00000000e7b00000, 0x00000000e7c00000|  0%| F|  |TAMS 0x00000000e7b00000, 0x00000000e7b00000| Untracked 
| 124|0x00000000e7c00000, 0x00000000e7c00000, 0x00000000e7d00000|  0%| F|  |TAMS 0x00000000e7c00000, 0x00000000e7c00000| Untracked 
| 125|0x00000000e7d00000, 0x00000000e7d00000, 0x00000000e7e00000|  0%| F|  |TAMS 0x00000000e7d00000, 0x00000000e7d00000| Untracked 
| 126|0x00000000e7e00000, 0x00000000e7e00000, 0x00000000e7f00000|  0%| F|  |TAMS 0x00000000e7e00000, 0x00000000e7e00000| Untracked 
| 127|0x00000000e7f00000, 0x00000000e7f00000, 0x00000000e8000000|  0%| F|  |TAMS 0x00000000e7f00000, 0x00000000e7f00000| Untracked 
| 128|0x00000000e8000000, 0x00000000e8000000, 0x00000000e8100000|  0%| F|  |TAMS 0x00000000e8000000, 0x00000000e8000000| Untracked 
| 129|0x00000000e8100000, 0x00000000e8100000, 0x00000000e8200000|  0%| F|  |TAMS 0x00000000e8100000, 0x00000000e8100000| Untracked 
| 130|0x00000000e8200000, 0x00000000e8200000, 0x00000000e8300000|  0%| F|  |TAMS 0x00000000e8200000, 0x00000000e8200000| Untracked 
| 131|0x00000000e8300000, 0x00000000e8300000, 0x00000000e8400000|  0%| F|  |TAMS 0x00000000e8300000, 0x00000000e8300000| Untracked 
| 132|0x00000000e8400000, 0x00000000e8400000, 0x00000000e8500000|  0%| F|  |TAMS 0x00000000e8400000, 0x00000000e8400000| Untracked 
| 133|0x00000000e8500000, 0x00000000e8500000, 0x00000000e8600000|  0%| F|  |TAMS 0x00000000e8500000, 0x00000000e8500000| Untracked 
| 134|0x00000000e8600000, 0x00000000e8600000, 0x00000000e8700000|  0%| F|  |TAMS 0x00000000e8600000, 0x00000000e8600000| Untracked 
| 135|0x00000000e8700000, 0x00000000e8700000, 0x00000000e8800000|  0%| F|  |TAMS 0x00000000e8700000, 0x00000000e8700000| Untracked 
| 136|0x00000000e8800000, 0x00000000e8800000, 0x00000000e8900000|  0%| F|  |TAMS 0x00000000e8800000, 0x00000000e8800000| Untracked 
| 137|0x00000000e8900000, 0x00000000e8900000, 0x00000000e8a00000|  0%| F|  |TAMS 0x00000000e8900000, 0x00000000e8900000| Untracked 
| 138|0x00000000e8a00000, 0x00000000e8a00000, 0x00000000e8b00000|  0%| F|  |TAMS 0x00000000e8a00000, 0x00000000e8a00000| Untracked 
| 139|0x00000000e8b00000, 0x00000000e8b00000, 0x00000000e8c00000|  0%| F|  |TAMS 0x00000000e8b00000, 0x00000000e8b00000| Untracked 
| 140|0x00000000e8c00000, 0x00000000e8c00000, 0x00000000e8d00000|  0%| F|  |TAMS 0x00000000e8c00000, 0x00000000e8c00000| Untracked 
| 141|0x00000000e8d00000, 0x00000000e8d00000, 0x00000000e8e00000|  0%| F|  |TAMS 0x00000000e8d00000, 0x00000000e8d00000| Untracked 
| 142|0x00000000e8e00000, 0x00000000e8e00000, 0x00000000e8f00000|  0%| F|  |TAMS 0x00000000e8e00000, 0x00000000e8e00000| Untracked 
| 143|0x00000000e8f00000, 0x00000000e8f00000, 0x00000000e9000000|  0%| F|  |TAMS 0x00000000e8f00000, 0x00000000e8f00000| Untracked 
| 144|0x00000000e9000000, 0x00000000e9000000, 0x00000000e9100000|  0%| F|  |TAMS 0x00000000e9000000, 0x00000000e9000000| Untracked 
| 145|0x00000000e9100000, 0x00000000e9100000, 0x00000000e9200000|  0%| F|  |TAMS 0x00000000e9100000, 0x00000000e9100000| Untracked 
| 146|0x00000000e9200000, 0x00000000e9200000, 0x00000000e9300000|  0%| F|  |TAMS 0x00000000e9200000, 0x00000000e9200000| Untracked 
| 147|0x00000000e9300000, 0x00000000e9300000, 0x00000000e9400000|  0%| F|  |TAMS 0x00000000e9300000, 0x00000000e9300000| Untracked 
| 148|0x00000000e9400000, 0x00000000e9400000, 0x00000000e9500000|  0%| F|  |TAMS 0x00000000e9400000, 0x00000000e9400000| Untracked 
| 149|0x00000000e9500000, 0x00000000e9500000, 0x00000000e9600000|  0%| F|  |TAMS 0x00000000e9500000, 0x00000000e9500000| Untracked 
| 150|0x00000000e9600000, 0x00000000e9600000, 0x00000000e9700000|  0%| F|  |TAMS 0x00000000e9600000, 0x00000000e9600000| Untracked 
| 151|0x00000000e9700000, 0x00000000e9700000, 0x00000000e9800000|  0%| F|  |TAMS 0x00000000e9700000, 0x00000000e9700000| Untracked 
| 152|0x00000000e9800000, 0x00000000e9800000, 0x00000000e9900000|  0%| F|  |TAMS 0x00000000e9800000, 0x00000000e9800000| Untracked 
| 153|0x00000000e9900000, 0x00000000e9900000, 0x00000000e9a00000|  0%| F|  |TAMS 0x00000000e9900000, 0x00000000e9900000| Untracked 
| 154|0x00000000e9a00000, 0x00000000e9a00000, 0x00000000e9b00000|  0%| F|  |TAMS 0x00000000e9a00000, 0x00000000e9a00000| Untracked 
| 155|0x00000000e9b00000, 0x00000000e9b00000, 0x00000000e9c00000|  0%| F|  |TAMS 0x00000000e9b00000, 0x00000000e9b00000| Untracked 
| 156|0x00000000e9c00000, 0x00000000e9c00000, 0x00000000e9d00000|  0%| F|  |TAMS 0x00000000e9c00000, 0x00000000e9c00000| Untracked 
| 157|0x00000000e9d00000, 0x00000000e9d00000, 0x00000000e9e00000|  0%| F|  |TAMS 0x00000000e9d00000, 0x00000000e9d00000| Untracked 
| 158|0x00000000e9e00000, 0x00000000e9e00000, 0x00000000e9f00000|  0%| F|  |TAMS 0x00000000e9e00000, 0x00000000e9e00000| Untracked 
| 159|0x00000000e9f00000, 0x00000000e9f00000, 0x00000000ea000000|  0%| F|  |TAMS 0x00000000e9f00000, 0x00000000e9f00000| Untracked 
| 160|0x00000000ea000000, 0x00000000ea000000, 0x00000000ea100000|  0%| F|  |TAMS 0x00000000ea000000, 0x00000000ea000000| Untracked 
| 161|0x00000000ea100000, 0x00000000ea100000, 0x00000000ea200000|  0%| F|  |TAMS 0x00000000ea100000, 0x00000000ea100000| Untracked 
| 162|0x00000000ea200000, 0x00000000ea200000, 0x00000000ea300000|  0%| F|  |TAMS 0x00000000ea200000, 0x00000000ea200000| Untracked 
| 163|0x00000000ea300000, 0x00000000ea300000, 0x00000000ea400000|  0%| F|  |TAMS 0x00000000ea300000, 0x00000000ea300000| Untracked 
| 164|0x00000000ea400000, 0x00000000ea400000, 0x00000000ea500000|  0%| F|  |TAMS 0x00000000ea400000, 0x00000000ea400000| Untracked 
| 165|0x00000000ea500000, 0x00000000ea500000, 0x00000000ea600000|  0%| F|  |TAMS 0x00000000ea500000, 0x00000000ea500000| Untracked 
| 166|0x00000000ea600000, 0x00000000ea600000, 0x00000000ea700000|  0%| F|  |TAMS 0x00000000ea600000, 0x00000000ea600000| Untracked 
| 167|0x00000000ea700000, 0x00000000ea700000, 0x00000000ea800000|  0%| F|  |TAMS 0x00000000ea700000, 0x00000000ea700000| Untracked 
| 168|0x00000000ea800000, 0x00000000ea800000, 0x00000000ea900000|  0%| F|  |TAMS 0x00000000ea800000, 0x00000000ea800000| Untracked 
| 169|0x00000000ea900000, 0x00000000ea900000, 0x00000000eaa00000|  0%| F|  |TAMS 0x00000000ea900000, 0x00000000ea900000| Untracked 
| 170|0x00000000eaa00000, 0x00000000eaa00000, 0x00000000eab00000|  0%| F|  |TAMS 0x00000000eaa00000, 0x00000000eaa00000| Untracked 
| 171|0x00000000eab00000, 0x00000000eab00000, 0x00000000eac00000|  0%| F|  |TAMS 0x00000000eab00000, 0x00000000eab00000| Untracked 
| 172|0x00000000eac00000, 0x00000000eac00000, 0x00000000ead00000|  0%| F|  |TAMS 0x00000000eac00000, 0x00000000eac00000| Untracked 
| 173|0x00000000ead00000, 0x00000000ead00000, 0x00000000eae00000|  0%| F|  |TAMS 0x00000000ead00000, 0x00000000ead00000| Untracked 
| 174|0x00000000eae00000, 0x00000000eae00000, 0x00000000eaf00000|  0%| F|  |TAMS 0x00000000eae00000, 0x00000000eae00000| Untracked 
| 175|0x00000000eaf00000, 0x00000000eaf00000, 0x00000000eb000000|  0%| F|  |TAMS 0x00000000eaf00000, 0x00000000eaf00000| Untracked 
| 176|0x00000000eb000000, 0x00000000eb000000, 0x00000000eb100000|  0%| F|  |TAMS 0x00000000eb000000, 0x00000000eb000000| Untracked 
| 177|0x00000000eb100000, 0x00000000eb100000, 0x00000000eb200000|  0%| F|  |TAMS 0x00000000eb100000, 0x00000000eb100000| Untracked 
| 178|0x00000000eb200000, 0x00000000eb200000, 0x00000000eb300000|  0%| F|  |TAMS 0x00000000eb200000, 0x00000000eb200000| Untracked 
| 179|0x00000000eb300000, 0x00000000eb300000, 0x00000000eb400000|  0%| F|  |TAMS 0x00000000eb300000, 0x00000000eb300000| Untracked 
| 180|0x00000000eb400000, 0x00000000eb400000, 0x00000000eb500000|  0%| F|  |TAMS 0x00000000eb400000, 0x00000000eb400000| Untracked 
| 181|0x00000000eb500000, 0x00000000eb500000, 0x00000000eb600000|  0%| F|  |TAMS 0x00000000eb500000, 0x00000000eb500000| Untracked 
| 182|0x00000000eb600000, 0x00000000eb600000, 0x00000000eb700000|  0%| F|  |TAMS 0x00000000eb600000, 0x00000000eb600000| Untracked 
| 183|0x00000000eb700000, 0x00000000eb700000, 0x00000000eb800000|  0%| F|  |TAMS 0x00000000eb700000, 0x00000000eb700000| Untracked 
| 184|0x00000000eb800000, 0x00000000eb800000, 0x00000000eb900000|  0%| F|  |TAMS 0x00000000eb800000, 0x00000000eb800000| Untracked 
| 185|0x00000000eb900000, 0x00000000eb900000, 0x00000000eba00000|  0%| F|  |TAMS 0x00000000eb900000, 0x00000000eb900000| Untracked 
| 186|0x00000000eba00000, 0x00000000eba00000, 0x00000000ebb00000|  0%| F|  |TAMS 0x00000000eba00000, 0x00000000eba00000| Untracked 
| 187|0x00000000ebb00000, 0x00000000ebb00000, 0x00000000ebc00000|  0%| F|  |TAMS 0x00000000ebb00000, 0x00000000ebb00000| Untracked 
| 188|0x00000000ebc00000, 0x00000000ebc00000, 0x00000000ebd00000|  0%| F|  |TAMS 0x00000000ebc00000, 0x00000000ebc00000| Untracked 
| 189|0x00000000ebd00000, 0x00000000ebd00000, 0x00000000ebe00000|  0%| F|  |TAMS 0x00000000ebd00000, 0x00000000ebd00000| Untracked 
| 190|0x00000000ebe00000, 0x00000000ebe00000, 0x00000000ebf00000|  0%| F|  |TAMS 0x00000000ebe00000, 0x00000000ebe00000| Untracked 
| 191|0x00000000ebf00000, 0x00000000ebf00000, 0x00000000ec000000|  0%| F|  |TAMS 0x00000000ebf00000, 0x00000000ebf00000| Untracked 
| 192|0x00000000ec000000, 0x00000000ec000000, 0x00000000ec100000|  0%| F|  |TAMS 0x00000000ec000000, 0x00000000ec000000| Untracked 
| 193|0x00000000ec100000, 0x00000000ec100000, 0x00000000ec200000|  0%| F|  |TAMS 0x00000000ec100000, 0x00000000ec100000| Untracked 
| 194|0x00000000ec200000, 0x00000000ec200000, 0x00000000ec300000|  0%| F|  |TAMS 0x00000000ec200000, 0x00000000ec200000| Untracked 
| 195|0x00000000ec300000, 0x00000000ec300000, 0x00000000ec400000|  0%| F|  |TAMS 0x00000000ec300000, 0x00000000ec300000| Untracked 
| 196|0x00000000ec400000, 0x00000000ec400000, 0x00000000ec500000|  0%| F|  |TAMS 0x00000000ec400000, 0x00000000ec400000| Untracked 
| 197|0x00000000ec500000, 0x00000000ec500000, 0x00000000ec600000|  0%| F|  |TAMS 0x00000000ec500000, 0x00000000ec500000| Untracked 
| 198|0x00000000ec600000, 0x00000000ec600000, 0x00000000ec700000|  0%| F|  |TAMS 0x00000000ec600000, 0x00000000ec600000| Untracked 
| 199|0x00000000ec700000, 0x00000000ec700000, 0x00000000ec800000|  0%| F|  |TAMS 0x00000000ec700000, 0x00000000ec700000| Untracked 
| 200|0x00000000ec800000, 0x00000000ec800000, 0x00000000ec900000|  0%| F|  |TAMS 0x00000000ec800000, 0x00000000ec800000| Untracked 
| 201|0x00000000ec900000, 0x00000000ec900000, 0x00000000eca00000|  0%| F|  |TAMS 0x00000000ec900000, 0x00000000ec900000| Untracked 
| 202|0x00000000eca00000, 0x00000000eca00000, 0x00000000ecb00000|  0%| F|  |TAMS 0x00000000eca00000, 0x00000000eca00000| Untracked 
| 203|0x00000000ecb00000, 0x00000000ecb00000, 0x00000000ecc00000|  0%| F|  |TAMS 0x00000000ecb00000, 0x00000000ecb00000| Untracked 
| 204|0x00000000ecc00000, 0x00000000ecc00000, 0x00000000ecd00000|  0%| F|  |TAMS 0x00000000ecc00000, 0x00000000ecc00000| Untracked 
| 205|0x00000000ecd00000, 0x00000000ecd00000, 0x00000000ece00000|  0%| F|  |TAMS 0x00000000ecd00000, 0x00000000ecd00000| Untracked 
| 206|0x00000000ece00000, 0x00000000ece00000, 0x00000000ecf00000|  0%| F|  |TAMS 0x00000000ece00000, 0x00000000ece00000| Untracked 
| 207|0x00000000ecf00000, 0x00000000ecf00000, 0x00000000ed000000|  0%| F|  |TAMS 0x00000000ecf00000, 0x00000000ecf00000| Untracked 
| 208|0x00000000ed000000, 0x00000000ed000000, 0x00000000ed100000|  0%| F|  |TAMS 0x00000000ed000000, 0x00000000ed000000| Untracked 
| 209|0x00000000ed100000, 0x00000000ed100000, 0x00000000ed200000|  0%| F|  |TAMS 0x00000000ed100000, 0x00000000ed100000| Untracked 
| 210|0x00000000ed200000, 0x00000000ed200000, 0x00000000ed300000|  0%| F|  |TAMS 0x00000000ed200000, 0x00000000ed200000| Untracked 
| 211|0x00000000ed300000, 0x00000000ed300000, 0x00000000ed400000|  0%| F|  |TAMS 0x00000000ed300000, 0x00000000ed300000| Untracked 
| 212|0x00000000ed400000, 0x00000000ed400000, 0x00000000ed500000|  0%| F|  |TAMS 0x00000000ed400000, 0x00000000ed400000| Untracked 
| 213|0x00000000ed500000, 0x00000000ed500000, 0x00000000ed600000|  0%| F|  |TAMS 0x00000000ed500000, 0x00000000ed500000| Untracked 
| 214|0x00000000ed600000, 0x00000000ed600000, 0x00000000ed700000|  0%| F|  |TAMS 0x00000000ed600000, 0x00000000ed600000| Untracked 
| 215|0x00000000ed700000, 0x00000000ed700000, 0x00000000ed800000|  0%| F|  |TAMS 0x00000000ed700000, 0x00000000ed700000| Untracked 
| 216|0x00000000ed800000, 0x00000000ed800000, 0x00000000ed900000|  0%| F|  |TAMS 0x00000000ed800000, 0x00000000ed800000| Untracked 
| 217|0x00000000ed900000, 0x00000000ed900000, 0x00000000eda00000|  0%| F|  |TAMS 0x00000000ed900000, 0x00000000ed900000| Untracked 
| 218|0x00000000eda00000, 0x00000000eda00000, 0x00000000edb00000|  0%| F|  |TAMS 0x00000000eda00000, 0x00000000eda00000| Untracked 
| 219|0x00000000edb00000, 0x00000000edb00000, 0x00000000edc00000|  0%| F|  |TAMS 0x00000000edb00000, 0x00000000edb00000| Untracked 
| 220|0x00000000edc00000, 0x00000000edc00000, 0x00000000edd00000|  0%| F|  |TAMS 0x00000000edc00000, 0x00000000edc00000| Untracked 
| 221|0x00000000edd00000, 0x00000000edd00000, 0x00000000ede00000|  0%| F|  |TAMS 0x00000000edd00000, 0x00000000edd00000| Untracked 
| 222|0x00000000ede00000, 0x00000000ede00000, 0x00000000edf00000|  0%| F|  |TAMS 0x00000000ede00000, 0x00000000ede00000| Untracked 
| 223|0x00000000edf00000, 0x00000000edf00000, 0x00000000ee000000|  0%| F|  |TAMS 0x00000000edf00000, 0x00000000edf00000| Untracked 
| 224|0x00000000ee000000, 0x00000000ee000000, 0x00000000ee100000|  0%| F|  |TAMS 0x00000000ee000000, 0x00000000ee000000| Untracked 
| 225|0x00000000ee100000, 0x00000000ee100000, 0x00000000ee200000|  0%| F|  |TAMS 0x00000000ee100000, 0x00000000ee100000| Untracked 
| 226|0x00000000ee200000, 0x00000000ee200000, 0x00000000ee300000|  0%| F|  |TAMS 0x00000000ee200000, 0x00000000ee200000| Untracked 
| 227|0x00000000ee300000, 0x00000000ee300000, 0x00000000ee400000|  0%| F|  |TAMS 0x00000000ee300000, 0x00000000ee300000| Untracked 
| 228|0x00000000ee400000, 0x00000000ee400000, 0x00000000ee500000|  0%| F|  |TAMS 0x00000000ee400000, 0x00000000ee400000| Untracked 
| 229|0x00000000ee500000, 0x00000000ee500000, 0x00000000ee600000|  0%| F|  |TAMS 0x00000000ee500000, 0x00000000ee500000| Untracked 
| 230|0x00000000ee600000, 0x00000000ee600000, 0x00000000ee700000|  0%| F|  |TAMS 0x00000000ee600000, 0x00000000ee600000| Untracked 
| 231|0x00000000ee700000, 0x00000000ee700000, 0x00000000ee800000|  0%| F|  |TAMS 0x00000000ee700000, 0x00000000ee700000| Untracked 
| 232|0x00000000ee800000, 0x00000000ee866600, 0x00000000ee900000| 39%| S|CS|TAMS 0x00000000ee800000, 0x00000000ee800000| Complete 
| 233|0x00000000ee900000, 0x00000000eea00000, 0x00000000eea00000|100%| S|CS|TAMS 0x00000000ee900000, 0x00000000ee900000| Complete 
| 234|0x00000000eea00000, 0x00000000eea00000, 0x00000000eeb00000|  0%| F|  |TAMS 0x00000000eea00000, 0x00000000eea00000| Untracked 
| 235|0x00000000eeb00000, 0x00000000eeb00000, 0x00000000eec00000|  0%| F|  |TAMS 0x00000000eeb00000, 0x00000000eeb00000| Untracked 
| 236|0x00000000eec00000, 0x00000000eec00000, 0x00000000eed00000|  0%| F|  |TAMS 0x00000000eec00000, 0x00000000eec00000| Untracked 
| 237|0x00000000eed00000, 0x00000000eed00000, 0x00000000eee00000|  0%| F|  |TAMS 0x00000000eed00000, 0x00000000eed00000| Untracked 
| 238|0x00000000eee00000, 0x00000000eee00000, 0x00000000eef00000|  0%| F|  |TAMS 0x00000000eee00000, 0x00000000eee00000| Untracked 
| 239|0x00000000eef00000, 0x00000000eef00000, 0x00000000ef000000|  0%| F|  |TAMS 0x00000000eef00000, 0x00000000eef00000| Untracked 
| 240|0x00000000ef000000, 0x00000000ef000000, 0x00000000ef100000|  0%| F|  |TAMS 0x00000000ef000000, 0x00000000ef000000| Untracked 
| 241|0x00000000ef100000, 0x00000000ef100000, 0x00000000ef200000|  0%| F|  |TAMS 0x00000000ef100000, 0x00000000ef100000| Untracked 
| 242|0x00000000ef200000, 0x00000000ef200000, 0x00000000ef300000|  0%| F|  |TAMS 0x00000000ef200000, 0x00000000ef200000| Untracked 
| 243|0x00000000ef300000, 0x00000000ef300000, 0x00000000ef400000|  0%| F|  |TAMS 0x00000000ef300000, 0x00000000ef300000| Untracked 
| 244|0x00000000ef400000, 0x00000000ef480800, 0x00000000ef500000| 50%| E|  |TAMS 0x00000000ef400000, 0x00000000ef400000| Complete 
| 245|0x00000000ef500000, 0x00000000ef600000, 0x00000000ef600000|100%| E|CS|TAMS 0x00000000ef500000, 0x00000000ef500000| Complete 
| 246|0x00000000ef600000, 0x00000000ef700000, 0x00000000ef700000|100%| E|CS|TAMS 0x00000000ef600000, 0x00000000ef600000| Complete 
| 247|0x00000000ef700000, 0x00000000ef800000, 0x00000000ef800000|100%| E|  |TAMS 0x00000000ef700000, 0x00000000ef700000| Complete 

Card table byte_map: [0x000001acae020000,0x000001acae120000] _byte_map_base: 0x000001acad920000

Marking Bits (Prev, Next): (CMBitMap*) 0x000001ac94efb350, (CMBitMap*) 0x000001ac94efb390
 Prev Bits: [0x000001acae220000, 0x000001acaea20000)
 Next Bits: [0x000001acaea20000, 0x000001acaf220000)

Polling page: 0x000001ac94ce0000

Metaspace:

Usage:
  Non-class:      7.86 MB used.
      Class:      1.03 MB used.
       Both:      8.89 MB used.

Virtual space:
  Non-class space:       64.00 MB reserved,       7.94 MB ( 12%) committed,  1 nodes.
      Class space:        1.00 GB reserved,       1.19 MB ( <1%) committed,  1 nodes.
             Both:        1.06 GB reserved,       9.12 MB ( <1%) committed. 

Chunk freelists:
   Non-Class:  7.82 MB
       Class:  14.79 MB
        Both:  22.61 MB

MaxMetaspaceSize: unlimited
CompressedClassSpaceSize: 1.00 GB
Initial GC threshold: 21.00 MB
Current GC threshold: 21.00 MB
CDS: on
MetaspaceReclaimPolicy: balanced
 - commit_granule_bytes: 65536.
 - commit_granule_words: 8192.
 - virtual_space_node_default_size: 8388608.
 - enlarge_chunks_in_place: 1.
 - new_chunks_are_fully_committed: 0.
 - uncommit_free_chunks: 1.
 - use_allocation_guard: 0.
 - handle_deallocations: 1.


Internal statistics:

num_allocs_failed_limit: 0.
num_arena_births: 98.
num_arena_deaths: 0.
num_vsnodes_births: 2.
num_vsnodes_deaths: 0.
num_space_committed: 146.
num_space_uncommitted: 0.
num_chunks_returned_to_freelist: 0.
num_chunks_taken_from_freelist: 320.
num_chunk_merges: 0.
num_chunk_splits: 223.
num_chunks_enlarged: 176.
num_inconsistent_stats: 0.

CodeHeap 'non-profiled nmethods': size=120000Kb used=661Kb max_used=661Kb free=119338Kb
 bounds [0x000001aca5d70000, 0x000001aca5fe0000, 0x000001acad2a0000]
CodeHeap 'profiled nmethods': size=120000Kb used=2744Kb max_used=2744Kb free=117255Kb
 bounds [0x000001ac9e2a0000, 0x000001ac9e550000, 0x000001aca57d0000]
CodeHeap 'non-nmethods': size=5760Kb used=1171Kb max_used=1201Kb free=4588Kb
 bounds [0x000001aca57d0000, 0x000001aca5a40000, 0x000001aca5d70000]
 total_blobs=1821 nmethods=1354 adapters=380
 compilation: enabled
              stopped_count=0, restarted_count=0
 full_count=0

Compilation events (20 events):
Event: 0.900 Thread 0x000001acb1ed6b00 1340       3       java.security.AccessController::doPrivileged (9 bytes)
Event: 0.900 Thread 0x000001acb1ed6b00 nmethod 1340 0x000001ac9e54c890 code [0x000001ac9e54ca60, 0x000001ac9e54cd98]
Event: 0.901 Thread 0x000001acb1ed6b00 1343       3       jdk.internal.org.objectweb.asm.SymbolTable::addConstantFieldref (10 bytes)
Event: 0.901 Thread 0x000001acb1ed6b00 nmethod 1343 0x000001ac9e54cf10 code [0x000001ac9e54d0a0, 0x000001ac9e54d1e8]
Event: 0.901 Thread 0x000001acb1ed6b00 1345       3       java.lang.invoke.LambdaForm$NamedFunction::methodType (23 bytes)
Event: 0.901 Thread 0x000001acb1ed6b00 nmethod 1345 0x000001ac9e54d290 code [0x000001ac9e54d440, 0x000001ac9e54d688]
Event: 0.903 Thread 0x000001acf73fe7e0 nmethod 1338 0x000001aca5e0be90 code [0x000001aca5e0c040, 0x000001aca5e0c838]
Event: 0.903 Thread 0x000001acf73fe7e0 1342       4       jdk.internal.org.objectweb.asm.Symbol::<init> (38 bytes)
Event: 0.904 Thread 0x000001acb1ed6b00 1348       1       java.security.PermissionCollection::isReadOnly (5 bytes)
Event: 0.904 Thread 0x000001acb1ed6b00 nmethod 1348 0x000001aca5e0cd90 code [0x000001aca5e0cf20, 0x000001aca5e0cff8]
Event: 0.905 Thread 0x000001acf73fe7e0 nmethod 1342 0x000001aca5e0d090 code [0x000001aca5e0d200, 0x000001aca5e0d518]
Event: 0.906 Thread 0x000001acb1ed6b00 1349       3       java.net.URI::match (56 bytes)
Event: 0.907 Thread 0x000001acb1ed6b00 nmethod 1349 0x000001ac9e54d790 code [0x000001ac9e54d940, 0x000001ac9e54dc38]
Event: 0.911 Thread 0x000001acb1ed6b00 1350       3       java.lang.invoke.MemberName::<init> (50 bytes)
Event: 0.911 Thread 0x000001acb1ed6b00 nmethod 1350 0x000001ac9e54dd10 code [0x000001ac9e54dee0, 0x000001ac9e54e1f8]
Event: 0.911 Thread 0x000001acb1ed6b00 1352       1       java.lang.invoke.InfoFromMemberName::getReferenceKind (5 bytes)
Event: 0.911 Thread 0x000001acb1ed6b00 nmethod 1352 0x000001aca5e0d890 code [0x000001aca5e0da20, 0x000001aca5e0daf8]
Event: 0.911 Thread 0x000001acf73fe7e0 1354       4       jdk.internal.org.objectweb.asm.ByteVector::putByte (39 bytes)
Event: 0.912 Thread 0x000001acf73fe7e0 nmethod 1354 0x000001aca5e0e490 code [0x000001aca5e0e620, 0x000001aca5e0e768]
Event: 0.936 Thread 0x000001acf7571b60 nmethod 1310 0x000001aca5e0e890 code [0x000001aca5e0ec80, 0x000001aca5e12e58]

GC Heap History (4 events):
Event: 0.532 GC heap before
{Heap before GC invocations=0 (full 0):
 garbage-first heap   total 253952K, used 26624K [0x00000000e0000000, 0x0000000100000000)
  region size 1024K, 23 young (23552K), 0 survivors (0K)
 Metaspace       used 4321K, committed 4480K, reserved 1114112K
  class space    used 524K, committed 576K, reserved 1048576K
}
Event: 0.537 GC heap after
{Heap after GC invocations=1 (full 0):
 garbage-first heap   total 253952K, used 17520K [0x00000000e0000000, 0x0000000100000000)
  region size 1024K, 3 young (3072K), 3 survivors (3072K)
 Metaspace       used 4321K, committed 4480K, reserved 1114112K
  class space    used 524K, committed 576K, reserved 1048576K
}
Event: 0.855 GC heap before
{Heap before GC invocations=1 (full 0):
 garbage-first heap   total 253952K, used 31856K [0x00000000e0000000, 0x0000000100000000)
  region size 1024K, 17 young (17408K), 3 survivors (3072K)
 Metaspace       used 7944K, committed 8128K, reserved 1114112K
  class space    used 985K, committed 1088K, reserved 1048576K
}
Event: 0.858 GC heap after
{Heap after GC invocations=2 (full 0):
 garbage-first heap   total 253952K, used 19211K [0x00000000e0000000, 0x0000000100000000)
  region size 1024K, 2 young (2048K), 2 survivors (2048K)
 Metaspace       used 7944K, committed 8128K, reserved 1114112K
  class space    used 985K, committed 1088K, reserved 1048576K
}

Dll operation events (9 events):
Event: 0.005 Loaded shared library C:\Program Files\Zulu\zulu-17\bin\java.dll
Event: 0.020 Loaded shared library C:\Program Files\Zulu\zulu-17\bin\jsvml.dll
Event: 0.193 Loaded shared library C:\Program Files\Zulu\zulu-17\bin\net.dll
Event: 0.195 Loaded shared library C:\Program Files\Zulu\zulu-17\bin\nio.dll
Event: 0.197 Loaded shared library C:\Program Files\Zulu\zulu-17\bin\zip.dll
Event: 0.235 Loaded shared library C:\Program Files\Zulu\zulu-17\bin\verify.dll
Event: 0.239 Loaded shared library C:\Program Files\Zulu\zulu-17\bin\jimage.dll
Event: 0.511 Loaded shared library C:\Program Files\Zulu\zulu-17\bin\extnet.dll
Event: 0.573 Loaded shared library C:\Program Files\Zulu\zulu-17\bin\sunmscapi.dll

Deoptimization events (20 events):
Event: 0.753 Thread 0x000001ac94debfe0 Uncommon trap: trap_request=0xffffffde fr.pc=0x000001aca5dff92c relative=0x000000000000010c
Event: 0.753 Thread 0x000001ac94debfe0 Uncommon trap: reason=class_check action=maybe_recompile pc=0x000001aca5dff92c method=jdk.internal.misc.Unsafe.allocateUninitializedArray(Ljava/lang/Class;I)Ljava/lang/Object; @ 51 c2
Event: 0.753 Thread 0x000001ac94debfe0 DEOPT PACKING pc=0x000001aca5dff92c sp=0x00000035e84f7cc0
Event: 0.753 Thread 0x000001ac94debfe0 DEOPT UNPACKING pc=0x000001aca58269a3 sp=0x00000035e84f7c48 mode 2
Event: 0.757 Thread 0x000001ac94debfe0 Uncommon trap: trap_request=0xffffff45 fr.pc=0x000001aca5df4f2c relative=0x000000000000008c
Event: 0.757 Thread 0x000001ac94debfe0 Uncommon trap: reason=unstable_if action=reinterpret pc=0x000001aca5df4f2c method=sun.net.www.ParseUtil.firstEncodeIndex(Ljava/lang/String;)I @ 51 c2
Event: 0.757 Thread 0x000001ac94debfe0 DEOPT PACKING pc=0x000001aca5df4f2c sp=0x00000035e84f97f0
Event: 0.757 Thread 0x000001ac94debfe0 DEOPT UNPACKING pc=0x000001aca58269a3 sp=0x00000035e84f9778 mode 2
Event: 0.779 Thread 0x000001ac94debfe0 DEOPT PACKING pc=0x000001ac9e529bb8 sp=0x00000035e84fbea0
Event: 0.779 Thread 0x000001ac94debfe0 DEOPT UNPACKING pc=0x000001aca5827143 sp=0x00000035e84fb3b8 mode 0
Event: 0.803 Thread 0x000001ac94debfe0 DEOPT PACKING pc=0x000001ac9e529bb8 sp=0x00000035e84fa460
Event: 0.803 Thread 0x000001ac94debfe0 DEOPT UNPACKING pc=0x000001aca5827143 sp=0x00000035e84f9978 mode 0
Event: 0.825 Thread 0x000001ac94debfe0 Uncommon trap: trap_request=0xffffff45 fr.pc=0x000001aca5d71964 relative=0x0000000000000064
Event: 0.825 Thread 0x000001ac94debfe0 Uncommon trap: reason=unstable_if action=reinterpret pc=0x000001aca5d71964 method=java.io.WinNTFileSystem.isSlash(C)Z @ 9 c2
Event: 0.825 Thread 0x000001ac94debfe0 DEOPT PACKING pc=0x000001aca5d71964 sp=0x00000035e84fb6f0
Event: 0.825 Thread 0x000001ac94debfe0 DEOPT UNPACKING pc=0x000001aca58269a3 sp=0x00000035e84fb678 mode 2
Event: 0.838 Thread 0x000001ac94debfe0 DEOPT PACKING pc=0x000001ac9e529bb8 sp=0x00000035e84f9610
Event: 0.838 Thread 0x000001ac94debfe0 DEOPT UNPACKING pc=0x000001aca5827143 sp=0x00000035e84f8b28 mode 0
Event: 0.884 Thread 0x000001ac94debfe0 DEOPT PACKING pc=0x000001ac9e529bb8 sp=0x00000035e84fb2e0
Event: 0.884 Thread 0x000001ac94debfe0 DEOPT UNPACKING pc=0x000001aca5827143 sp=0x00000035e84fa7f8 mode 0

Classes unloaded (0 events):
No events

Classes redefined (0 events):
No events

Internal exceptions (20 events):
Event: 0.405 Thread 0x000001ac94debfe0 Exception <a 'java/lang/NoSuchMethodError'{0x00000000ee6337f0}: static Lorg/gradle/api/internal/tasks/testing/junit/JUnitTestClassProcessorFactory;.<clinit>()V> (0x00000000ee6337f0) 
thrown [s\src\hotspot\share\prims\jni.cpp, line 1107]
Event: 0.407 Thread 0x000001ac94debfe0 Exception <a 'java/lang/NoSuchMethodError'{0x00000000ee640818}: static Lorg/gradle/api/internal/tasks/testing/junit/JUnitSpec;.<clinit>()V> (0x00000000ee640818) 
thrown [s\src\hotspot\share\prims\jni.cpp, line 1107]
Event: 0.409 Thread 0x000001ac94debfe0 Exception <a 'java/lang/NoSuchMethodError'{0x00000000ee65cb38}: static Lorg/gradle/api/internal/tasks/testing/filter/TestFilterSpec;.<clinit>()V> (0x00000000ee65cb38) 
thrown [s\src\hotspot\share\prims\jni.cpp, line 1107]
Event: 0.454 Thread 0x000001ac94debfe0 Exception <a 'java/lang/NoSuchMethodError'{0x00000000ee494e30}: 'java.lang.Object java.lang.invoke.Invokers$Holder.invoker(java.lang.Object, java.lang.Object, java.lang.Object)'> (0x00000000ee494e30) 
thrown [s\src\hotspot\share\interpreter\linkResolver.cpp, line 759]
Event: 0.455 Thread 0x000001ac94debfe0 Exception <a 'java/lang/NoSuchMethodError'{0x00000000ee49db88}: 'java.lang.Object java.lang.invoke.DirectMethodHandle$Holder.invokeStatic(java.lang.Object, java.lang.Object, int)'> (0x00000000ee49db88) 
thrown [s\src\hotspot\share\interpreter\linkResolver.cpp, line 759]
Event: 0.455 Thread 0x000001ac94debfe0 Exception <a 'java/lang/NoSuchMethodError'{0x00000000ee4a9878}: 'void java.lang.invoke.DelegatingMethodHandle$Holder.delegate(java.lang.Object, java.lang.Object, int, java.lang.Object)'> (0x00000000ee4a9878) 
thrown [s\src\hotspot\share\interpreter\linkResolver.cpp, line 759]
Event: 0.456 Thread 0x000001ac94debfe0 Exception <a 'java/lang/NoSuchMethodError'{0x00000000ee4adcd8}: 'int java.lang.invoke.DirectMethodHandle$Holder.invokeSpecial(java.lang.Object, java.lang.Object, java.lang.Object)'> (0x00000000ee4adcd8) 
thrown [s\src\hotspot\share\interpreter\linkResolver.cpp, line 759]
Event: 0.457 Thread 0x000001ac94debfe0 Exception <a 'java/lang/NoSuchMethodError'{0x00000000ee4c0de8}: 'java.lang.Object java.lang.invoke.Invokers$Holder.invokeExact_MT(java.lang.Object, java.lang.Object, java.lang.Object, java.lang.Object)'> (0x00000000ee4c0de8) 
thrown [s\src\hotspot\share\interpreter\linkResolver.cpp, line 759]
Event: 0.460 Thread 0x000001ac94debfe0 Exception <a 'java/lang/NoSuchMethodError'{0x00000000ee4e93a8}: 'java.lang.Object java.lang.invoke.DirectMethodHandle$Holder.invokeVirtual(java.lang.Object, java.lang.Object, java.lang.Object)'> (0x00000000ee4e93a8) 
thrown [s\src\hotspot\share\interpreter\linkResolver.cpp, line 759]
Event: 0.568 Thread 0x000001ac94debfe0 Exception <a 'java/lang/NoSuchMethodError'{0x00000000ef68d508}: 'java.lang.Object java.lang.invoke.DirectMethodHandle$Holder.invokeStaticInit(java.lang.Object, int, int, int, int)'> (0x00000000ef68d508) 
thrown [s\src\hotspot\share\interpreter\linkResolver.cpp, line 759]
Event: 0.645 Thread 0x000001ac94debfe0 Exception <a 'java/lang/NoSuchMethodError'{0x00000000ef46e0e0}: 'java.lang.Object java.lang.invoke.DirectMethodHandle$Holder.invokeStaticInit(java.lang.Object, java.lang.Object, int, int, int, int)'> (0x00000000ef46e0e0) 
thrown [s\src\hotspot\share\interpreter\linkResolver.cpp, line 759]
Event: 0.716 Thread 0x000001ac94debfe0 Exception <a 'java/lang/NoSuchMethodError'{0x00000000ef148d00}: 'java.lang.Object java.lang.invoke.DirectMethodHandle$Holder.invokeInterface(java.lang.Object, java.lang.Object)'> (0x00000000ef148d00) 
thrown [s\src\hotspot\share\interpreter\linkResolver.cpp, line 759]
Event: 0.716 Thread 0x000001ac94debfe0 Exception <a 'java/lang/IncompatibleClassChangeError'{0x00000000ef14c4f8}: Found class java.lang.Object, but interface was expected> (0x00000000ef14c4f8) 
thrown [s\src\hotspot\share\interpreter\linkResolver.cpp, line 826]
Event: 0.732 Thread 0x000001ac94debfe0 Exception <a 'java/lang/NoSuchMethodError'{0x00000000ef1fcb40}: 'java.lang.Object java.lang.invoke.DirectMethodHandle$Holder.newInvokeSpecial(java.lang.Object, java.lang.Object, java.lang.Object, java.lang.Object, java.lang.Object)'> (0x00000000ef1fcb40) 
thrown [s\src\hotspot\share\interpreter\linkResolver.cpp, line 759]
Event: 0.899 Thread 0x000001ac94debfe0 Exception <a 'java/lang/reflect/InvocationTargetException'{0x00000000ef5c45a0}> (0x00000000ef5c45a0) 
thrown [s\src\hotspot\share\runtime\reflection.cpp, line 1121]
Event: 0.900 Thread 0x000001ac94debfe0 Exception <a 'java/lang/NoSuchMethodError'{0x00000000ef5cb780}: 'java.lang.Object java.lang.invoke.DirectMethodHandle$Holder.invokeStaticInit(java.lang.Object, java.lang.Object, long, java.lang.Object)'> (0x00000000ef5cb780) 
thrown [s\src\hotspot\share\interpreter\linkResolver.cpp, line 759]
Event: 0.901 Thread 0x000001ac94debfe0 Exception <a 'java/lang/NoSuchMethodError'{0x00000000ef5d21c0}: 'java.lang.Object java.lang.invoke.DirectMethodHandle$Holder.newInvokeSpecial(java.lang.Object, java.lang.Object, long)'> (0x00000000ef5d21c0) 
thrown [s\src\hotspot\share\interpreter\linkResolver.cpp, line 759]
Event: 0.901 Thread 0x000001ac94debfe0 Exception <a 'java/lang/NoSuchMethodError'{0x00000000ef5d6758}: 'java.lang.Object java.lang.invoke.Invokers$Holder.linkToTargetMethod(java.lang.Object, long, java.lang.Object)'> (0x00000000ef5d6758) 
thrown [s\src\hotspot\share\interpreter\linkResolver.cpp, line 759]
Event: 0.911 Thread 0x000001ac94debfe0 Exception <a 'java/lang/NoSuchMethodError'{0x00000000ef4025a8}: 'void java.lang.invoke.DirectMethodHandle$Holder.invokeStatic(java.lang.Object, long)'> (0x00000000ef4025a8) 
thrown [s\src\hotspot\share\interpreter\linkResolver.cpp, line 759]
Event: 0.911 Thread 0x000001ac94debfe0 Exception <a 'java/lang/NoSuchMethodError'{0x00000000ef408028}: 'java.lang.Object java.lang.invoke.DirectMethodHandle$Holder.newInvokeSpecial(java.lang.Object, long)'> (0x00000000ef408028) 
thrown [s\src\hotspot\share\interpreter\linkResolver.cpp, line 759]

VM Operations (20 events):
Event: 0.463 Executing VM operation: HandshakeAllThreads
Event: 0.463 Executing VM operation: HandshakeAllThreads done
Event: 0.532 Executing VM operation: G1CollectForAllocation
Event: 0.537 Executing VM operation: G1CollectForAllocation done
Event: 0.638 Executing VM operation: HandshakeAllThreads
Event: 0.638 Executing VM operation: HandshakeAllThreads done
Event: 0.664 Executing VM operation: HandshakeAllThreads
Event: 0.664 Executing VM operation: HandshakeAllThreads done
Event: 0.671 Executing VM operation: HandshakeAllThreads
Event: 0.671 Executing VM operation: HandshakeAllThreads done
Event: 0.672 Executing VM operation: HandshakeAllThreads
Event: 0.672 Executing VM operation: HandshakeAllThreads done
Event: 0.821 Executing VM operation: HandshakeAllThreads
Event: 0.821 Executing VM operation: HandshakeAllThreads done
Event: 0.825 Executing VM operation: HandshakeAllThreads
Event: 0.825 Executing VM operation: HandshakeAllThreads done
Event: 0.825 Executing VM operation: HandshakeAllThreads
Event: 0.825 Executing VM operation: HandshakeAllThreads done
Event: 0.855 Executing VM operation: G1CollectForAllocation
Event: 0.858 Executing VM operation: G1CollectForAllocation done

Events (20 events):
Event: 0.905 loading class java/util/jar/JarInputStream
Event: 0.905 loading class java/util/zip/ZipInputStream
Event: 0.905 loading class java/util/zip/ZipInputStream done
Event: 0.905 loading class java/util/jar/JarInputStream done
Event: 0.905 loading class java/io/PushbackInputStream
Event: 0.905 loading class java/io/PushbackInputStream done
Event: 0.905 loading class sun/security/util/ManifestEntryVerifier
Event: 0.906 loading class sun/security/util/ManifestEntryVerifier done
Event: 0.907 loading class java/lang/ProcessBuilder
Event: 0.907 loading class java/lang/ProcessBuilder done
Event: 0.907 loading class java/lang/ProcessImpl
Event: 0.907 loading class java/lang/Process
Event: 0.907 loading class java/lang/Process done
Event: 0.907 loading class java/lang/ProcessImpl done
Event: 0.912 loading class java/lang/ProcessImpl$2
Event: 0.912 loading class java/lang/ProcessImpl$2 done
Event: 0.912 loading class java/lang/Process$PipeInputStream
Event: 0.912 loading class java/lang/Process$PipeInputStream done
Event: 0.912 loading class jdk/internal/event/ProcessStartEvent
Event: 0.912 loading class jdk/internal/event/ProcessStartEvent done


Dynamic libraries:
0x00007ff7c4660000 - 0x00007ff7c466e000 	C:\Program Files\Zulu\zulu-17\bin\java.exe
0x00007fff92ff0000 - 0x00007fff931e8000 	C:\Windows\SYSTEM32\ntdll.dll
0x00007fff92e00000 - 0x00007fff92ec2000 	C:\Windows\System32\KERNEL32.DLL
0x00007fff90a40000 - 0x00007fff90d36000 	C:\Windows\System32\KERNELBASE.dll
0x00007fff906e0000 - 0x00007fff907e0000 	C:\Windows\System32\ucrtbase.dll
0x00007fff40a50000 - 0x00007fff40a6b000 	C:\Program Files\Zulu\zulu-17\bin\VCRUNTIME140.dll
0x00007fff3ff40000 - 0x00007fff3ff59000 	C:\Program Files\Zulu\zulu-17\bin\jli.dll
0x00007fff92100000 - 0x00007fff9229d000 	C:\Windows\System32\USER32.dll
0x00007fff906b0000 - 0x00007fff906d2000 	C:\Windows\System32\win32u.dll
0x00007fff917d0000 - 0x00007fff917fb000 	C:\Windows\System32\GDI32.dll
0x00007fff90d40000 - 0x00007fff90e59000 	C:\Windows\System32\gdi32full.dll
0x00007fff7d320000 - 0x00007fff7d5ba000 	C:\Windows\WinSxS\amd64_microsoft.windows.common-controls_6595b64144ccf1df_6.0.19041.5915_none_60b4b9d171f9c7c7\COMCTL32.dll
0x00007fff90920000 - 0x00007fff909bd000 	C:\Windows\System32\msvcp_win.dll
0x00007fff92060000 - 0x00007fff920fe000 	C:\Windows\System32\msvcrt.dll
0x00007fff912f0000 - 0x00007fff9131f000 	C:\Windows\System32\IMM32.DLL
0x00007fff6b610000 - 0x00007fff6b61c000 	C:\Program Files\Zulu\zulu-17\bin\vcruntime140_1.dll
0x00007fff24410000 - 0x00007fff2449d000 	C:\Program Files\Zulu\zulu-17\bin\msvcp140.dll
0x00007fff094a0000 - 0x00007fff0a109000 	C:\Program Files\Zulu\zulu-17\bin\server\jvm.dll
0x00007fff916b0000 - 0x00007fff91761000 	C:\Windows\System32\ADVAPI32.dll
0x00007fff91250000 - 0x00007fff912ef000 	C:\Windows\System32\sechost.dll
0x00007fff92a90000 - 0x00007fff92bb3000 	C:\Windows\System32\RPCRT4.dll
0x00007fff90680000 - 0x00007fff906a7000 	C:\Windows\System32\bcrypt.dll
0x00007fff904e0000 - 0x00007fff9052b000 	C:\Windows\SYSTEM32\POWRPROF.dll
0x00007fff74010000 - 0x00007fff74019000 	C:\Windows\SYSTEM32\WSOCK32.dll
0x00007fff84750000 - 0x00007fff84777000 	C:\Windows\SYSTEM32\WINMM.dll
0x00007fff88130000 - 0x00007fff8813a000 	C:\Windows\SYSTEM32\VERSION.dll
0x00007fff91ff0000 - 0x00007fff9205b000 	C:\Windows\System32\WS2_32.dll
0x00007fff904c0000 - 0x00007fff904d2000 	C:\Windows\SYSTEM32\UMPDC.dll
0x00007fff8e500000 - 0x00007fff8e512000 	C:\Windows\SYSTEM32\kernel.appcore.dll
0x00007fff6a930000 - 0x00007fff6a93a000 	C:\Program Files\Zulu\zulu-17\bin\jimage.dll
0x00007fff86e00000 - 0x00007fff87001000 	C:\Windows\SYSTEM32\DBGHELP.DLL
0x00007fff77d60000 - 0x00007fff77d94000 	C:\Windows\SYSTEM32\dbgcore.DLL
0x00007fff90890000 - 0x00007fff90912000 	C:\Windows\System32\bcryptPrimitives.dll
0x00007fff3f850000 - 0x00007fff3f875000 	C:\Program Files\Zulu\zulu-17\bin\java.dll
0x00007fff24330000 - 0x00007fff24407000 	C:\Program Files\Zulu\zulu-17\bin\jsvml.dll
0x00007fff922a0000 - 0x00007fff92a0e000 	C:\Windows\System32\SHELL32.dll
0x00007fff8e700000 - 0x00007fff8eea4000 	C:\Windows\SYSTEM32\windows.storage.dll
0x00007fff91800000 - 0x00007fff91b53000 	C:\Windows\System32\combase.dll
0x00007fff90040000 - 0x00007fff9006b000 	C:\Windows\SYSTEM32\Wldp.dll
0x00007fff92ee0000 - 0x00007fff92fad000 	C:\Windows\System32\OLEAUT32.dll
0x00007fff92d50000 - 0x00007fff92dfd000 	C:\Windows\System32\SHCORE.dll
0x00007fff914d0000 - 0x00007fff9152b000 	C:\Windows\System32\shlwapi.dll
0x00007fff905b0000 - 0x00007fff905d5000 	C:\Windows\SYSTEM32\profapi.dll
0x00007fff3f830000 - 0x00007fff3f849000 	C:\Program Files\Zulu\zulu-17\bin\net.dll
0x00007fff88020000 - 0x00007fff8812a000 	C:\Windows\SYSTEM32\WINHTTP.dll
0x00007fff8fda0000 - 0x00007fff8fe0a000 	C:\Windows\system32\mswsock.dll
0x00007fff3f6d0000 - 0x00007fff3f6e6000 	C:\Program Files\Zulu\zulu-17\bin\nio.dll
0x00007fff3fdf0000 - 0x00007fff3fe08000 	C:\Program Files\Zulu\zulu-17\bin\zip.dll
0x00007fff69cb0000 - 0x00007fff69cc0000 	C:\Program Files\Zulu\zulu-17\bin\verify.dll
0x00007fff68630000 - 0x00007fff68639000 	C:\Program Files\Zulu\zulu-17\bin\extnet.dll
0x00007fff68600000 - 0x00007fff6860e000 	C:\Program Files\Zulu\zulu-17\bin\sunmscapi.dll
0x00007fff90eb0000 - 0x00007fff9100d000 	C:\Windows\System32\CRYPT32.dll
0x00007fff900b0000 - 0x00007fff900d7000 	C:\Windows\SYSTEM32\ncrypt.dll
0x00007fff90070000 - 0x00007fff900ab000 	C:\Windows\SYSTEM32\NTASN1.dll
0x00007fff800b0000 - 0x00007fff800b7000 	C:\Windows\system32\wshunix.dll
0x00007fff8ffa0000 - 0x00007fff8ffb8000 	C:\Windows\SYSTEM32\CRYPTSP.dll
0x00007fff8f6c0000 - 0x00007fff8f6f8000 	C:\Windows\system32\rsaenh.dll
0x00007fff90530000 - 0x00007fff9055e000 	C:\Windows\SYSTEM32\USERENV.dll
0x00007fff8ff90000 - 0x00007fff8ff9c000 	C:\Windows\SYSTEM32\CRYPTBASE.dll
0x00007fff8fa80000 - 0x00007fff8fabb000 	C:\Windows\SYSTEM32\IPHLPAPI.DLL
0x00007fff91530000 - 0x00007fff91538000 	C:\Windows\System32\NSI.dll
0x00007fff8ae20000 - 0x00007fff8ae37000 	C:\Windows\SYSTEM32\dhcpcsvc6.DLL
0x00007fff8ac90000 - 0x00007fff8acad000 	C:\Windows\SYSTEM32\dhcpcsvc.DLL
0x00007fff8fac0000 - 0x00007fff8fb8a000 	C:\Windows\SYSTEM32\DNSAPI.dll

dbghelp: loaded successfully - version: 4.0.5 - missing functions: none
symbol engine: initialized successfully - sym options: 0x614 - pdb path: .;C:\Program Files\Zulu\zulu-17\bin;C:\Windows\SYSTEM32;C:\Windows\WinSxS\amd64_microsoft.windows.common-controls_6595b64144ccf1df_6.0.19041.5915_none_60b4b9d171f9c7c7;C:\Program Files\Zulu\zulu-17\bin\server

VM Arguments:
jvm_args: -Djava.awt.headless=true -Djava.library.path=C:\Program Files\Zulu\zulu-17\bin;C:\Windows\Sun\Java\bin;C:\Windows\system32;C:\Windows;C:\Program Files (x86)\VMware\VMware Workstation\bin\;C:\Python312\Scripts\;C:\Python312\;C:\Program Files\Zulu\zulu-17\bin;C:\Program Files (x86)\Common Files\Intel\Shared Libraries\redist\intel64\compiler;C:\Program Files\Common Files\Oracle\Java\javapath;C:\Program Files (x86)\Common Files\Oracle\Java\javapath;C:\Windows\system32;C:\Windows;C:\Windows\System32\Wbem;C:\Windows\System32\WindowsPowerShell\v1.0\;C:\Windows\System32\OpenSSH\;C:\Program Files (x86)\NVIDIA Corporation\PhysX\Common;C:\Program Files\Java\jdk-19\bin;C:\Program Files\Cloudflare\Cloudflare WARP\;C:\mingw\bin;C:\xampp\php;C:\gradle\gradle-8.5\bin;C:\chromeDriver\chromedriver-win64;C:\Program Files\nodejs\;C:\ProgramData\chocolatey\bin;C:\Program Files\Git\cmd;C:\Program Files\NVIDIA Corporation\NVIDIA App\NvDLISR;C:\Users\ASUS\AppData\Local\Programs\Python\Python311\Scripts\;C:\Users\ASUS\AppData\Local\Programs\Python\Python311\;C:\Users\ASUS\AppData\Local\Microsoft\WindowsApps;;C:\Users\ASUS\AppData\Local\Programs\Microsoft VS Code\bin;C:\Program Files\JetBrains\IntelliJ IDEA Community Edition 2023.2.5\bin;;C:\Users\ASUS\AppData\Roaming\npm;C:\Program Files (x86)\Nmap;.;C:\Users\ASUS\AndroidStudioProjects\Reglab7firebase\app\src\testDebug\jniLibs;C:\Users\ASUS\AndroidStudioProjects\Reglab7firebase\app\src\test\jniLibs -Dorg.gradle.internal.worker.tmpdir=C:\Users\ASUS\AndroidStudioProjects\Reglab7firebase\app\build\tmp\testDebugUnitTest\work --add-opens=java.base/java.io=ALL-UNNAMED -Xmx512m -Dfile.encoding=UTF-8 -Duser.country=ID -Duser.language=en -Duser.variant -ea 
java_command: worker.org.gradle.process.internal.worker.GradleWorkerMain 'Gradle Test Executor 15'
java_class_path (initial): C:\\Users\\ASUS\\.gradle\\caches\\8.11.1\\workerMain\\gradle-worker.jar;C:\\Users\\ASUS\\AndroidStudioProjects\\Reglab7firebase\\app\\build\\tmp\\kotlin-classes\\debugUnitTest;C:\\Users\\ASUS\\AndroidStudioProjects\\Reglab7firebase\\app\\build\\intermediates\\java_res\\debugUnitTest\\processDebugUnitTestJavaRes\\out;C:\\Users\\ASUS\\AndroidStudioProjects\\Reglab7firebase\\app\\build\\intermediates\\runtime_app_classes_jar\\debug\\bundleDebugClassesToRuntimeJar\\classes.jar;C:\\Users\\ASUS\\.gradle\\caches\\modules-2\\files-2.1\\org.jetbrains.kotlin\\kotlin-test\\2.0.21\\c6ea143e356327ddfda57e53e829c553e3b45b64\\kotlin-test-2.0.21.jar;C:\\Users\\ASUS\\.gradle\\caches\\modules-2\\files-2.1\\org.jetbrains.kotlin\\kotlin-test-junit\\2.0.21\\977fd8384b1557420643e28be93a0faf30d99f7a\\kotlin-test-junit-2.0.21.jar;C:\\Users\\ASUS\\.gradle\\caches\\modules-2\\files-2.1\\io.mockk\\mockk-jvm\\1.13.5\\1305cee4f382f2798d53cbb6cbdb2bc6f595ec94\\mockk-jvm-1.13.5.jar;C:\\Users\\ASUS\\.gradle\\caches\\modules-2\\files-2.1\\junit\\junit\\4.13.2\\8ac9e16d933b6fb43bc7f576336b8f4d7eb5ba12\\junit-4.13.2.jar;C:\\Users\\ASUS\\.gradle\\caches\\modules-2\\files-2.1\\org.jetbrains.kotlinx\\kotlinx-coroutines-test-jvm\\1.7.3\\89e34400f452dab68fbb3caa66d854c89aaafa07\\kotlinx-coroutines-test-jvm-1.7.3.jar;C:\\Users\\ASUS\\.gradle\\caches\\8.11.1\\transforms\\b346200808cf8a9fc9c725a569f98c4a\\transformed\\play-services-location-21.3.0-runtime.jar;C:\\Users\\ASUS\\.gradle\\caches\\8.11.1\\transforms\\d99cd2e763f675704976652d3613d7e2\\transformed\\camera-extensions-1.5.0-beta01-runtime.jar;C:\\Users\\ASUS\\.gradle\\caches\\8.11.1\\transforms\\7f33179f7a6bec8045441fa0983234c7\\transformed\\camera-mlkit-vision-1.5.0-beta01-runtime.jar;C:\\Users\\ASUS\\.gradle\\caches\\8.11.1\\transforms\\aeb7659d7be31827698386f44b2ef0e5\\transformed\\camera-view-1.5.0-beta01-runtime.jar;C:\\Users\\ASUS\\.gradle\\caches\\8.11.1\\transforms\\92b220f10e5bae8564c62416f0ab18a8\\transformed\\c
Launcher Type: SUN_STANDARD

[Global flags]
     intx CICompilerCount                          = 4                                         {product} {ergonomic}
     uint ConcGCThreads                            = 3                                         {product} {ergonomic}
     uint G1ConcRefinementThreads                  = 10                                        {product} {ergonomic}
   size_t G1HeapRegionSize                         = 1048576                                   {product} {ergonomic}
    uintx GCDrainStackTargetSize                   = 64                                        {product} {ergonomic}
   size_t InitialHeapSize                          = 260046848                                 {product} {ergonomic}
   size_t MarkStackSize                            = 4194304                                   {product} {ergonomic}
   size_t MaxHeapSize                              = 536870912                                 {product} {command line}
   size_t MaxNewSize                               = 321912832                                 {product} {ergonomic}
   size_t MinHeapDeltaBytes                        = 1048576                                   {product} {ergonomic}
   size_t MinHeapSize                              = 8388608                                   {product} {ergonomic}
    uintx NonNMethodCodeHeapSize                   = 5839372                                {pd product} {ergonomic}
    uintx NonProfiledCodeHeapSize                  = 122909434                              {pd product} {ergonomic}
    uintx ProfiledCodeHeapSize                     = 122909434                              {pd product} {ergonomic}
    uintx ReservedCodeCacheSize                    = 251658240                              {pd product} {ergonomic}
     bool SegmentedCodeCache                       = true                                      {product} {ergonomic}
   size_t SoftMaxHeapSize                          = 536870912                              {manageable} {ergonomic}
     bool UseCompressedClassPointers               = true                           {product lp64_product} {ergonomic}
     bool UseCompressedOops                        = true                           {product lp64_product} {ergonomic}
     bool UseG1GC                                  = true                                      {product} {ergonomic}
     bool UseLargePagesIndividualAllocation        = false                                  {pd product} {ergonomic}

Logging:
Log output configuration:
 #0: stdout all=warning uptime,level,tags
 #1: stderr all=off uptime,level,tags

Environment Variables:
JAVA_HOME=C:\Program Files\Zulu\zulu-17
PATH=C:\Program Files (x86)\VMware\VMware Workstation\bin\;C:\Python312\Scripts\;C:\Python312\;C:\Program Files\Zulu\zulu-17\bin;C:\Program Files (x86)\Common Files\Intel\Shared Libraries\redist\intel64\compiler;C:\Program Files\Common Files\Oracle\Java\javapath;C:\Program Files (x86)\Common Files\Oracle\Java\javapath;C:\Windows\system32;C:\Windows;C:\Windows\System32\Wbem;C:\Windows\System32\WindowsPowerShell\v1.0\;C:\Windows\System32\OpenSSH\;C:\Program Files (x86)\NVIDIA Corporation\PhysX\Common;C:\Program Files\Java\jdk-19\bin;C:\Program Files\Cloudflare\Cloudflare WARP\;C:\mingw\bin;C:\xampp\php;C:\gradle\gradle-8.5\bin;C:\chromeDriver\chromedriver-win64;C:\Program Files\nodejs\;C:\ProgramData\chocolatey\bin;C:\Program Files\Git\cmd;C:\Program Files\NVIDIA Corporation\NVIDIA App\NvDLISR;C:\Users\ASUS\AppData\Local\Programs\Python\Python311\Scripts\;C:\Users\ASUS\AppData\Local\Programs\Python\Python311\;C:\Users\ASUS\AppData\Local\Microsoft\WindowsApps;;C:\Users\ASUS\AppData\Local\Programs\Microsoft VS Code\bin;C:\Program Files\JetBrains\IntelliJ IDEA Community Edition 2023.2.5\bin;;C:\Users\ASUS\AppData\Roaming\npm;C:\Program Files (x86)\Nmap
USERNAME=ASUS
OS=Windows_NT
PROCESSOR_IDENTIFIER=AMD64 Family 23 Model 96 Stepping 1, AuthenticAMD
TMP=C:\Users\ASUS\AppData\Local\Temp
TEMP=C:\Users\ASUS\AppData\Local\Temp



Periodic native trim disabled


---------------  S Y S T E M  ---------------

OS:
 Windows 10 , 64 bit Build 19041 (10.0.19041.5915)
OS uptime: 9 days 17:58 hours

CPU: total 12 (initial active 12) (12 cores per cpu, 2 threads per core) family 23 model 96 stepping 1 microcode 0x0, cx8, cmov, fxsr, ht, mmx, 3dnowpref, sse, sse2, sse3, ssse3, sse4a, sse4.1, sse4.2, popcnt, lzcnt, tsc, tscinvbit, avx, avx2, aes, clmul, bmi1, bmi2, adx, sha, fma, vzeroupper, clflush, clflushopt
Processor Information for all 12 processors :
  Max Mhz: 3000, Current Mhz: 3000, Mhz Limit: 3000

Memory: 4k page, system-wide physical 15791M (870M free)
TotalPageFile size 28911M (AvailPageFile size 3M)
current process WorkingSet (physical memory assigned to process): 118M, peak: 119M
current process commit charge ("private bytes"): 376M, peak: 378M

vm_info: OpenJDK 64-Bit Server VM (17.0.10+7-LTS) for windows-amd64 JRE (17.0.10+7-LTS) (Zulu17.48+15-CA), built on Jan  5 2024 14:15:01 by "zulu_re" with MS VC++ 16.10 / 16.11 (VS2019)

END.
